This file contains any messages produced by compilers while
running configure, to aid debugging if configure makes a mistake.

It was created by python configure 3.11, which was
generated by GNU Autoconf 2.69.  Invocation command line was

  $ ./configure --prefix=/media/robert/data/ruxos-0510/rukos/apps/c/cpython/../dl/rootfs --with-build-python=python3.11 --build=x86_64 --host=aarch64-linux-musl --enable-ipv6 --with-config-site=./CONFIG_SITE --enable-optimizations

## --------- ##
## Platform. ##
## --------- ##

hostname = robert-Lenovo-XiaoXinAir-14ITL-2021
uname -m = x86_64
uname -r = 6.5.0-35-generic
uname -s = Linux
uname -v = #35~22.04.1-Ubuntu SMP PREEMPT_DYNAMIC Tue May  7 09:00:52 UTC 2

/usr/bin/uname -p = x86_64
/bin/uname -X     = unknown

/bin/arch              = x86_64
/usr/bin/arch -k       = unknown
/usr/convex/getsysinfo = unknown
/usr/bin/hostinfo      = unknown
/bin/machine           = unknown
/usr/bin/oslevel       = unknown
/bin/universe          = unknown

PATH: /home/robert/.local/bin
PATH: /home/robert/.cargo/bin
PATH: /home/robert/.local/bin
PATH: /usr/local/sbin
PATH: /usr/local/bin
PATH: /usr/sbin
PATH: /usr/bin
PATH: /sbin
PATH: /bin
PATH: /usr/games
PATH: /usr/local/games
PATH: /snap/bin
PATH: /snap/bin
PATH: /home/robert/Downloads/musl-cross-make/output/bin
PATH: /opt/riscv/bin
PATH: /media/robert/data/aarch64-linux-musl-cross/bin
PATH: /home/robert/.local/bin
PATH: /usr/local/go/bin
PATH: /media/robert/data/x86_64-linux-musl-cross/bin
PATH: /media/robert/data/ruxos-0322/ruxos-test/riscv64-linux-musl-cross/bin
PATH: /home/robert/Downloads/musl-cross-make/output/bin
PATH: /opt/riscv/bin
PATH: /media/robert/data/aarch64-linux-musl-cross/bin
PATH: /home/robert/.local/bin
PATH: /usr/local/go/bin
PATH: /media/robert/data/x86_64-linux-musl-cross/bin
PATH: /media/robert/data/ruxos-0322/ruxos-test/riscv64-linux-musl-cross/bin


## ----------- ##
## Core tests. ##
## ----------- ##

configure:2948: loading site script ./config.site
| 
| ac_cv_file__dev_ptmx=yes
| ac_cv_file__dev_ptc=no
| ac_cv_func_accept4=no
| ac_cv_func_utimensat=no
| ac_cv_func_setitimer=no
| ac_cv_func_clock_getres=no
| ac_cv_func_clock_nanosleep=no
| ac_cv_func_wait4=no
| ac_cv_func_select6=no
| 
configure:3164: checking build system type
configure:3178: result: x86_64-pc-none
configure:3198: checking host system type
configure:3211: result: aarch64-unknown-linux-musl
configure:3246: checking for --with-build-python
configure:3266: result: python3.11
configure:3283: checking for Python interpreter freezing
configure:3285: result: python3.11
configure:3317: checking for python3.11
configure:3344: result: python3.11
configure:3358: checking Python for regen version
configure:3361: result: Python 3.11.8
configure:3445: checking for aarch64-linux-musl-pkg-config
configure:3478: result: no
configure:3488: checking for pkg-config
configure:3506: found /usr/bin/pkg-config
configure:3518: result: /usr/bin/pkg-config
configure:3530: WARNING: using cross tools not prefixed with host triplet
configure:3543: checking pkg-config is at least version 0.9.0
configure:3546: result: yes
configure:3569: checking for --enable-universalsdk
configure:3616: result: no
configure:3640: checking for --with-universal-archs
configure:3655: result: no
configure:3807: checking MACHDEP
configure:3875: result: "linux"
configure:4132: checking for aarch64-linux-musl-gcc
configure:4159: result: aarch64-linux-musl-gcc
configure:4428: checking for C compiler version
configure:4437: aarch64-linux-musl-gcc --version >&5
aarch64-linux-musl-gcc (GCC) 11.2.1 20211120
Copyright (C) 2021 Free Software Foundation, Inc.
This is free software; see the source for copying conditions.  There is NO
warranty; not even for MERCHANTABILITY or FITNESS FOR A PARTICULAR PURPOSE.

configure:4448: $? = 0
configure:4437: aarch64-linux-musl-gcc -v >&5
Using built-in specs.
COLLECT_GCC=aarch64-linux-musl-gcc
COLLECT_LTO_WRAPPER=/media/robert/data/aarch64-linux-musl-cross/bin/../libexec/gcc/aarch64-linux-musl/11.2.1/lto-wrapper
Target: aarch64-linux-musl
Configured with: ../src_gcc/configure --enable-languages=c,c++,fortran CC='gcc -static --static' CXX='g++ -static --static' FC='gfortran -static --static' CFLAGS='-g0 -O2 -fno-align-functions -fno-align-jumps -fno-align-loops -fno-align-labels -Wno-error' CXXFLAGS='-g0 -O2 -fno-align-functions -fno-align-jumps -fno-align-loops -fno-align-labels -Wno-error' FFLAGS='-g0 -O2 -fno-align-functions -fno-align-jumps -fno-align-loops -fno-align-labels -Wno-error' LDFLAGS='-s -static --static' --enable-default-pie --enable-static-pie --disable-cet --disable-bootstrap --disable-assembly --disable-werror --target=aarch64-linux-musl --prefix= --libdir=/lib --disable-multilib --with-sysroot=/aarch64-linux-musl --enable-tls --disable-libmudflap --disable-libsanitizer --disable-gnu-indirect-function --disable-libmpx --enable-initfini-array --enable-libstdcxx-time=rt --enable-deterministic-archives --enable-libstdcxx-time --enable-libquadmath --enable-libquadmath-support --disable-decimal-float --with-build-sysroot=/tmp/m1132/build/local/aarch64-linux-musl/obj_sysroot AR_FOR_TARGET=/tmp/m1132/build/local/aarch64-linux-musl/obj_binutils/binutils/ar AS_FOR_TARGET=/tmp/m1132/build/local/aarch64-linux-musl/obj_binutils/gas/as-new LD_FOR_TARGET=/tmp/m1132/build/local/aarch64-linux-musl/obj_binutils/ld/ld-new NM_FOR_TARGET=/tmp/m1132/build/local/aarch64-linux-musl/obj_binutils/binutils/nm-new OBJCOPY_FOR_TARGET=/tmp/m1132/build/local/aarch64-linux-musl/obj_binutils/binutils/objcopy OBJDUMP_FOR_TARGET=/tmp/m1132/build/local/aarch64-linux-musl/obj_binutils/binutils/objdump RANLIB_FOR_TARGET=/tmp/m1132/build/local/aarch64-linux-musl/obj_binutils/binutils/ranlib READELF_FOR_TARGET=/tmp/m1132/build/local/aarch64-linux-musl/obj_binutils/binutils/readelf STRIP_FOR_TARGET=/tmp/m1132/build/local/aarch64-linux-musl/obj_binutils/binutils/strip-new --build=x86_64-pc-linux-muslx32 --host=x86_64-pc-linux-muslx32
Thread model: posix
Supported LTO compression algorithms: zlib
gcc version 11.2.1 20211120 (GCC) 
configure:4448: $? = 0
configure:4437: aarch64-linux-musl-gcc -V >&5
aarch64-linux-musl-gcc: error: unrecognized command-line option '-V'
aarch64-linux-musl-gcc: fatal error: no input files
compilation terminated.
configure:4448: $? = 1
configure:4437: aarch64-linux-musl-gcc -qversion >&5
aarch64-linux-musl-gcc: error: unrecognized command-line option '-qversion'; did you mean '--version'?
aarch64-linux-musl-gcc: fatal error: no input files
compilation terminated.
configure:4448: $? = 1
configure:4468: checking whether the C compiler works
configure:4490: aarch64-linux-musl-gcc  -I/media/robert/data/ruxos-0510/rukos/apps/c/cpython/../dl/rootfs/include/   -L/media/robert/data/ruxos-0510/rukos/apps/c/cpython/../dl/rootfs/lib/ conftest.c  >&5
configure:4494: $? = 0
configure:4542: result: yes
configure:4545: checking for C compiler default output file name
configure:4547: result: a.out
configure:4553: checking for suffix of executables
configure:4560: aarch64-linux-musl-gcc -o conftest  -I/media/robert/data/ruxos-0510/rukos/apps/c/cpython/../dl/rootfs/include/   -L/media/robert/data/ruxos-0510/rukos/apps/c/cpython/../dl/rootfs/lib/ conftest.c  >&5
configure:4564: $? = 0
configure:4586: result: 
configure:4608: checking whether we are cross compiling
configure:4646: result: yes
configure:4651: checking for suffix of object files
configure:4673: aarch64-linux-musl-gcc -c  -I/media/robert/data/ruxos-0510/rukos/apps/c/cpython/../dl/rootfs/include/  conftest.c >&5
configure:4677: $? = 0
configure:4698: result: o
configure:4702: checking whether we are using the GNU C compiler
configure:4721: aarch64-linux-musl-gcc -c  -I/media/robert/data/ruxos-0510/rukos/apps/c/cpython/../dl/rootfs/include/  conftest.c >&5
configure:4721: $? = 0
configure:4730: result: yes
configure:4739: checking whether aarch64-linux-musl-gcc accepts -g
configure:4759: aarch64-linux-musl-gcc -c -g  conftest.c >&5
configure:4759: $? = 0
configure:4800: result: yes
configure:4817: checking for aarch64-linux-musl-gcc option to accept ISO C89
configure:4880: aarch64-linux-musl-gcc  -c  -I/media/robert/data/ruxos-0510/rukos/apps/c/cpython/../dl/rootfs/include/  conftest.c >&5
configure:4880: $? = 0
configure:4893: result: none needed
configure:4918: checking how to run the C preprocessor
configure:4949: aarch64-linux-musl-gcc -E  conftest.c
configure:4949: $? = 0
configure:4963: aarch64-linux-musl-gcc -E  conftest.c
conftest.c:10:10: fatal error: ac_nonexistent.h: No such file or directory
   10 | #include <ac_nonexistent.h>
      |          ^~~~~~~~~~~~~~~~~~
compilation terminated.
configure:4963: $? = 1
configure: failed program was:
| /* confdefs.h */
| #define _NETBSD_SOURCE 1
| #define __BSD_VISIBLE 1
| #define _DARWIN_C_SOURCE 1
| #define _PYTHONFRAMEWORK ""
| #define _XOPEN_SOURCE 700
| #define _XOPEN_SOURCE_EXTENDED 1
| #define _POSIX_C_SOURCE 200809L
| /* end confdefs.h.  */
| #include <ac_nonexistent.h>
configure:4988: result: aarch64-linux-musl-gcc -E
configure:5008: aarch64-linux-musl-gcc -E  conftest.c
configure:5008: $? = 0
configure:5022: aarch64-linux-musl-gcc -E  conftest.c
conftest.c:10:10: fatal error: ac_nonexistent.h: No such file or directory
   10 | #include <ac_nonexistent.h>
      |          ^~~~~~~~~~~~~~~~~~
compilation terminated.
configure:5022: $? = 1
configure: failed program was:
| /* confdefs.h */
| #define _NETBSD_SOURCE 1
| #define __BSD_VISIBLE 1
| #define _DARWIN_C_SOURCE 1
| #define _PYTHONFRAMEWORK ""
| #define _XOPEN_SOURCE 700
| #define _XOPEN_SOURCE_EXTENDED 1
| #define _POSIX_C_SOURCE 200809L
| /* end confdefs.h.  */
| #include <ac_nonexistent.h>
configure:5050: checking for grep that handles long lines and -e
configure:5108: result: /usr/bin/grep
configure:5113: checking for a sed that does not truncate output
configure:5177: result: /usr/bin/sed
configure:5182: checking for egrep
configure:5244: result: /usr/bin/grep -E
configure:5250: checking for CC compiler name
configure:5280: result: gcc
configure:5288: checking for ANSI C header files
configure:5308: aarch64-linux-musl-gcc -c  -I/media/robert/data/ruxos-0510/rukos/apps/c/cpython/../dl/rootfs/include/  conftest.c >&5
configure:5308: $? = 0
configure:5392: result: yes
configure:5405: checking for sys/types.h
configure:5405: aarch64-linux-musl-gcc -c  -I/media/robert/data/ruxos-0510/rukos/apps/c/cpython/../dl/rootfs/include/  conftest.c >&5
configure:5405: $? = 0
configure:5405: result: yes
configure:5405: checking for sys/stat.h
configure:5405: aarch64-linux-musl-gcc -c  -I/media/robert/data/ruxos-0510/rukos/apps/c/cpython/../dl/rootfs/include/  conftest.c >&5
configure:5405: $? = 0
configure:5405: result: yes
configure:5405: checking for stdlib.h
configure:5405: aarch64-linux-musl-gcc -c  -I/media/robert/data/ruxos-0510/rukos/apps/c/cpython/../dl/rootfs/include/  conftest.c >&5
configure:5405: $? = 0
configure:5405: result: yes
configure:5405: checking for string.h
configure:5405: aarch64-linux-musl-gcc -c  -I/media/robert/data/ruxos-0510/rukos/apps/c/cpython/../dl/rootfs/include/  conftest.c >&5
configure:5405: $? = 0
configure:5405: result: yes
configure:5405: checking for memory.h
configure:5405: aarch64-linux-musl-gcc -c  -I/media/robert/data/ruxos-0510/rukos/apps/c/cpython/../dl/rootfs/include/  conftest.c >&5
configure:5405: $? = 0
configure:5405: result: yes
configure:5405: checking for strings.h
configure:5405: aarch64-linux-musl-gcc -c  -I/media/robert/data/ruxos-0510/rukos/apps/c/cpython/../dl/rootfs/include/  conftest.c >&5
configure:5405: $? = 0
configure:5405: result: yes
configure:5405: checking for inttypes.h
configure:5405: aarch64-linux-musl-gcc -c  -I/media/robert/data/ruxos-0510/rukos/apps/c/cpython/../dl/rootfs/include/  conftest.c >&5
configure:5405: $? = 0
configure:5405: result: yes
configure:5405: checking for stdint.h
configure:5405: aarch64-linux-musl-gcc -c  -I/media/robert/data/ruxos-0510/rukos/apps/c/cpython/../dl/rootfs/include/  conftest.c >&5
configure:5405: $? = 0
configure:5405: result: yes
configure:5405: checking for unistd.h
configure:5405: aarch64-linux-musl-gcc -c  -I/media/robert/data/ruxos-0510/rukos/apps/c/cpython/../dl/rootfs/include/  conftest.c >&5
configure:5405: $? = 0
configure:5405: result: yes
configure:5418: checking minix/config.h usability
configure:5418: aarch64-linux-musl-gcc -c  -I/media/robert/data/ruxos-0510/rukos/apps/c/cpython/../dl/rootfs/include/  conftest.c >&5
conftest.c:53:10: fatal error: minix/config.h: No such file or directory
   53 | #include <minix/config.h>
      |          ^~~~~~~~~~~~~~~~
compilation terminated.
configure:5418: $? = 1
configure: failed program was:
| /* confdefs.h */
| #define _NETBSD_SOURCE 1
| #define __BSD_VISIBLE 1
| #define _DARWIN_C_SOURCE 1
| #define _PYTHONFRAMEWORK ""
| #define _XOPEN_SOURCE 700
| #define _XOPEN_SOURCE_EXTENDED 1
| #define _POSIX_C_SOURCE 200809L
| #define STDC_HEADERS 1
| #define HAVE_SYS_TYPES_H 1
| #define HAVE_SYS_STAT_H 1
| #define HAVE_STDLIB_H 1
| #define HAVE_STRING_H 1
| #define HAVE_MEMORY_H 1
| #define HAVE_STRINGS_H 1
| #define HAVE_INTTYPES_H 1
| #define HAVE_STDINT_H 1
| #define HAVE_UNISTD_H 1
| /* end confdefs.h.  */
| #include <stdio.h>
| #ifdef HAVE_SYS_TYPES_H
| # include <sys/types.h>
| #endif
| #ifdef HAVE_SYS_STAT_H
| # include <sys/stat.h>
| #endif
| #ifdef STDC_HEADERS
| # include <stdlib.h>
| # include <stddef.h>
| #else
| # ifdef HAVE_STDLIB_H
| #  include <stdlib.h>
| # endif
| #endif
| #ifdef HAVE_STRING_H
| # if !defined STDC_HEADERS && defined HAVE_MEMORY_H
| #  include <memory.h>
| # endif
| # include <string.h>
| #endif
| #ifdef HAVE_STRINGS_H
| # include <strings.h>
| #endif
| #ifdef HAVE_INTTYPES_H
| # include <inttypes.h>
| #endif
| #ifdef HAVE_STDINT_H
| # include <stdint.h>
| #endif
| #ifdef HAVE_UNISTD_H
| # include <unistd.h>
| #endif
| #include <minix/config.h>
configure:5418: result: no
configure:5418: checking minix/config.h presence
configure:5418: aarch64-linux-musl-gcc -E  conftest.c
conftest.c:20:10: fatal error: minix/config.h: No such file or directory
   20 | #include <minix/config.h>
      |          ^~~~~~~~~~~~~~~~
compilation terminated.
configure:5418: $? = 1
configure: failed program was:
| /* confdefs.h */
| #define _NETBSD_SOURCE 1
| #define __BSD_VISIBLE 1
| #define _DARWIN_C_SOURCE 1
| #define _PYTHONFRAMEWORK ""
| #define _XOPEN_SOURCE 700
| #define _XOPEN_SOURCE_EXTENDED 1
| #define _POSIX_C_SOURCE 200809L
| #define STDC_HEADERS 1
| #define HAVE_SYS_TYPES_H 1
| #define HAVE_SYS_STAT_H 1
| #define HAVE_STDLIB_H 1
| #define HAVE_STRING_H 1
| #define HAVE_MEMORY_H 1
| #define HAVE_STRINGS_H 1
| #define HAVE_INTTYPES_H 1
| #define HAVE_STDINT_H 1
| #define HAVE_UNISTD_H 1
| /* end confdefs.h.  */
| #include <minix/config.h>
configure:5418: result: no
configure:5418: checking for minix/config.h
configure:5418: result: no
configure:5439: checking whether it is safe to define __EXTENSIONS__
configure:5457: aarch64-linux-musl-gcc -c  -I/media/robert/data/ruxos-0510/rukos/apps/c/cpython/../dl/rootfs/include/  conftest.c >&5
configure:5457: $? = 0
configure:5464: result: yes
configure:5481: checking for --with-cxx-main=<compiler>
configure:5507: result: no
configure:5919: checking for aarch64-linux-musl-c++
configure:5935: found /media/robert/data/aarch64-linux-musl-cross/bin/aarch64-linux-musl-c++
configure:5946: result: aarch64-linux-musl-c++
configure:6025:

  By default, distutils will build C++ extension modules with "aarch64-linux-musl-c++".
  If this is not intended, then set CXX on the configure command line.
  
configure:6034: checking for the platform triplet based on compiler characteristics
configure:6205: result: aarch64-linux-gnu
configure:6213: checking for multiarch
configure:6225: result: 
configure:6242: checking for PEP 11 support tier
configure:6295: WARNING: aarch64-unknown-linux-musl/gcc is not supported
configure:6306: checking for -Wl,--no-as-needed
configure:6325: aarch64-linux-musl-gcc -o conftest  -I/media/robert/data/ruxos-0510/rukos/apps/c/cpython/../dl/rootfs/include/   -L/media/robert/data/ruxos-0510/rukos/apps/c/cpython/../dl/rootfs/lib/-Wl,--no-as-needed conftest.c  >&5
configure:6325: $? = 0
configure:6337: result: yes
configure:6341: checking for the Android API level
configure:6375: result: not Android
configure:6391: checking for --with-emscripten-target
configure:6427: result: 
configure:6430: checking for --enable-wasm-dynamic-linking
configure:6451: result: missing
configure:6454: checking for --enable-wasm-pthreads
configure:6475: result: missing
configure:6478: checking for --with-suffix
configure:6510: result: 
configure:6516: checking for case-insensitive build directory
configure:6528: result: no
configure:6542: checking LIBRARY
configure:6548: result: libpython$(VERSION)$(ABIFLAGS).a
configure:6588: checking LINKCC
configure:6600: result: $(PURIFY) $(MAINCC)
configure:6609: checking EXPORTSYMS
configure:6617: result: 
configure:6626: checking for GNU ld
configure:6638: result: yes
configure:6641: checking for --enable-shared
configure:6658: result: no
configure:6663: checking for --with-static-libpython
configure:6679: result: yes
configure:6685: checking for --enable-profiling
configure:6710: result: no
configure:6718: checking LDLIBRARY
configure:6971: checking HOSTRUNNER
configure:6973: result: 
configure:6980: result: libpython$(VERSION)$(ABIFLAGS).a
configure:7020: checking for aarch64-linux-musl-ar
configure:7036: found /media/robert/data/aarch64-linux-musl-cross/bin/aarch64-linux-musl-ar
configure:7047: result: aarch64-linux-musl-ar
configure:7128: checking for aarch64-linux-musl-readelf
configure:7144: found /media/robert/data/aarch64-linux-musl-cross/bin/aarch64-linux-musl-readelf
configure:7155: result: aarch64-linux-musl-readelf
configure:7255: checking for a BSD-compatible install
configure:7323: result: /usr/bin/install -c
configure:7334: checking for a thread-safe mkdir -p
configure:7373: result: /usr/bin/mkdir -p
configure:7391: checking for --with-pydebug
configure:7410: result: no
configure:7417: checking for --with-trace-refs
configure:7427: result: no
configure:7439: checking for --enable-pystats
configure:7449: result: no
configure:7463: checking for --with-assertions
configure:7483: result: no
configure:7491: checking for --enable-optimizations
configure:7499: result: yes
configure:7522: checking whether C compiler accepts -fno-semantic-interposition
configure:7541: aarch64-linux-musl-gcc -c  -I/media/robert/data/ruxos-0510/rukos/apps/c/cpython/../dl/rootfs/include/  -fno-semantic-interposition  conftest.c >&5
configure:7541: $? = 0
configure:7549: result: yes
configure:7573: checking PROFILE_TASK
configure:7579: result: -m test --pgo --timeout=$(TESTTIMEOUT)
configure:7603: checking for --with-lto
configure:7640: result: no
configure:7877: checking for aarch64-linux-musl-llvm-profdata
configure:7910: result: no
configure:7920: checking for llvm-profdata
configure:7938: found /usr/local/bin/llvm-profdata
configure:7950: result: /usr/local/bin/llvm-profdata
configure:8070: checking if aarch64-linux-musl-gcc supports -Og optimization level
configure:8088: aarch64-linux-musl-gcc -c -Og  conftest.c >&5
configure:8088: $? = 0
configure:8100: result: yes
configure:8277: checking if we can add -Wextra
configure:8296: aarch64-linux-musl-gcc -c  -I/media/robert/data/ruxos-0510/rukos/apps/c/cpython/../dl/rootfs/include/-Wextra -Werror  conftest.c >&5
configure:8296: $? = 0
configure:8305: result: yes
configure:8320: checking whether aarch64-linux-musl-gcc -fno-strict-aliasing accepts and needs -fno-strict-aliasing
configure:8338: aarch64-linux-musl-gcc -fno-strict-aliasing -c  -I/media/robert/data/ruxos-0510/rukos/apps/c/cpython/../dl/rootfs/include/  conftest.c >&5
configure:8338: $? = 0
configure:8355: aarch64-linux-musl-gcc -fstrict-aliasing -c  -I/media/robert/data/ruxos-0510/rukos/apps/c/cpython/../dl/rootfs/include/ -Werror -Wstrict-aliasing  conftest.c >&5
configure:8355: $? = 0
configure:8373: result: no
configure:8430: checking if we can disable aarch64-linux-musl-gcc unused-parameter warning
configure:8449: aarch64-linux-musl-gcc -c  -I/media/robert/data/ruxos-0510/rukos/apps/c/cpython/../dl/rootfs/include/-Wunused-parameter -Werror  conftest.c >&5
configure:8449: $? = 0
configure:8458: result: yes
configure:8468: checking if we can disable aarch64-linux-musl-gcc int-conversion warning
configure:8487: aarch64-linux-musl-gcc -c  -I/media/robert/data/ruxos-0510/rukos/apps/c/cpython/../dl/rootfs/include/-Wint-conversion -Werror  conftest.c >&5
configure:8487: $? = 0
configure:8496: result: yes
configure:8506: checking if we can disable aarch64-linux-musl-gcc missing-field-initializers warning
configure:8525: aarch64-linux-musl-gcc -c  -I/media/robert/data/ruxos-0510/rukos/apps/c/cpython/../dl/rootfs/include/-Wmissing-field-initializers -Werror  conftest.c >&5
configure:8525: $? = 0
configure:8534: result: yes
configure:8544: checking if we can enable aarch64-linux-musl-gcc sign-compare warning
configure:8563: aarch64-linux-musl-gcc -c  -I/media/robert/data/ruxos-0510/rukos/apps/c/cpython/../dl/rootfs/include/-Wsign-compare -Werror  conftest.c >&5
configure:8563: $? = 0
configure:8572: result: yes
configure:8582: checking if we can enable aarch64-linux-musl-gcc unreachable-code warning
configure:8601: aarch64-linux-musl-gcc -c  -I/media/robert/data/ruxos-0510/rukos/apps/c/cpython/../dl/rootfs/include/-Wunreachable-code -Werror  conftest.c >&5
configure:8601: $? = 0
configure:8610: result: yes
configure:8632: checking if we can enable aarch64-linux-musl-gcc strict-prototypes warning
configure:8651: aarch64-linux-musl-gcc -c  -I/media/robert/data/ruxos-0510/rukos/apps/c/cpython/../dl/rootfs/include/-Wstrict-prototypes -Werror  conftest.c >&5
configure:8651: $? = 0
configure:8660: result: yes
configure:8670: checking if we can make implicit function declaration an error in aarch64-linux-musl-gcc -Werror=implicit-function-declaration
configure:8688: aarch64-linux-musl-gcc -Werror=implicit-function-declaration -c  -I/media/robert/data/ruxos-0510/rukos/apps/c/cpython/../dl/rootfs/include/  conftest.c >&5
configure:8688: $? = 0
configure:8699: result: yes
configure:8709: checking if we can use visibility in aarch64-linux-musl-gcc -fvisibility=hidden
configure:8727: aarch64-linux-musl-gcc -fvisibility=hidden -c  -I/media/robert/data/ruxos-0510/rukos/apps/c/cpython/../dl/rootfs/include/  conftest.c >&5
configure:8727: $? = 0
configure:8738: result: yes
configure:8963: checking whether pthreads are available without options
configure:9003: result: no
configure:9016: checking whether aarch64-linux-musl-gcc accepts -Kpthread
configure:9054: result: no
configure:9065: checking whether aarch64-linux-musl-gcc accepts -Kthread
configure:9103: result: no
configure:9114: checking whether aarch64-linux-musl-gcc accepts -pthread
configure:9152: result: no
configure:9161: checking whether aarch64-linux-musl-c++ also accepts flags for thread support
configure:9192: result: no
configure:9218: checking alloca.h usability
configure:9218: aarch64-linux-musl-gcc -c  -I/media/robert/data/ruxos-0510/rukos/apps/c/cpython/../dl/rootfs/include/  conftest.c >&5
configure:9218: $? = 0
configure:9218: result: yes
configure:9218: checking alloca.h presence
configure:9218: aarch64-linux-musl-gcc -E  conftest.c
configure:9218: $? = 0
configure:9218: result: yes
configure:9218: checking for alloca.h
configure:9218: result: yes
configure:9218: checking asm/types.h usability
configure:9218: aarch64-linux-musl-gcc -c  -I/media/robert/data/ruxos-0510/rukos/apps/c/cpython/../dl/rootfs/include/  conftest.c >&5
configure:9218: $? = 0
configure:9218: result: yes
configure:9218: checking asm/types.h presence
configure:9218: aarch64-linux-musl-gcc -E  conftest.c
configure:9218: $? = 0
configure:9218: result: yes
configure:9218: checking for asm/types.h
configure:9218: result: yes
configure:9218: checking bluetooth.h usability
configure:9218: aarch64-linux-musl-gcc -c  -I/media/robert/data/ruxos-0510/rukos/apps/c/cpython/../dl/rootfs/include/  conftest.c >&5
conftest.c:62:10: fatal error: bluetooth.h: No such file or directory
   62 | #include <bluetooth.h>
      |          ^~~~~~~~~~~~~
compilation terminated.
configure:9218: $? = 1
configure: failed program was:
| /* confdefs.h */
| #define _NETBSD_SOURCE 1
| #define __BSD_VISIBLE 1
| #define _DARWIN_C_SOURCE 1
| #define _PYTHONFRAMEWORK ""
| #define _XOPEN_SOURCE 700
| #define _XOPEN_SOURCE_EXTENDED 1
| #define _POSIX_C_SOURCE 200809L
| #define STDC_HEADERS 1
| #define HAVE_SYS_TYPES_H 1
| #define HAVE_SYS_STAT_H 1
| #define HAVE_STDLIB_H 1
| #define HAVE_STRING_H 1
| #define HAVE_MEMORY_H 1
| #define HAVE_STRINGS_H 1
| #define HAVE_INTTYPES_H 1
| #define HAVE_STDINT_H 1
| #define HAVE_UNISTD_H 1
| #define __EXTENSIONS__ 1
| #define _ALL_SOURCE 1
| #define _GNU_SOURCE 1
| #define _POSIX_PTHREAD_SEMANTICS 1
| #define _TANDEM_SOURCE 1
| #define PY_SUPPORT_TIER 0
| #define STDC_HEADERS 1
| #define HAVE_ALLOCA_H 1
| #define HAVE_ASM_TYPES_H 1
| /* end confdefs.h.  */
| #include <stdio.h>
| #ifdef HAVE_SYS_TYPES_H
| # include <sys/types.h>
| #endif
| #ifdef HAVE_SYS_STAT_H
| # include <sys/stat.h>
| #endif
| #ifdef STDC_HEADERS
| # include <stdlib.h>
| # include <stddef.h>
| #else
| # ifdef HAVE_STDLIB_H
| #  include <stdlib.h>
| # endif
| #endif
| #ifdef HAVE_STRING_H
| # if !defined STDC_HEADERS && defined HAVE_MEMORY_H
| #  include <memory.h>
| # endif
| # include <string.h>
| #endif
| #ifdef HAVE_STRINGS_H
| # include <strings.h>
| #endif
| #ifdef HAVE_INTTYPES_H
| # include <inttypes.h>
| #endif
| #ifdef HAVE_STDINT_H
| # include <stdint.h>
| #endif
| #ifdef HAVE_UNISTD_H
| # include <unistd.h>
| #endif
| #include <bluetooth.h>
configure:9218: result: no
configure:9218: checking bluetooth.h presence
configure:9218: aarch64-linux-musl-gcc -E  conftest.c
conftest.c:29:10: fatal error: bluetooth.h: No such file or directory
   29 | #include <bluetooth.h>
      |          ^~~~~~~~~~~~~
compilation terminated.
configure:9218: $? = 1
configure: failed program was:
| /* confdefs.h */
| #define _NETBSD_SOURCE 1
| #define __BSD_VISIBLE 1
| #define _DARWIN_C_SOURCE 1
| #define _PYTHONFRAMEWORK ""
| #define _XOPEN_SOURCE 700
| #define _XOPEN_SOURCE_EXTENDED 1
| #define _POSIX_C_SOURCE 200809L
| #define STDC_HEADERS 1
| #define HAVE_SYS_TYPES_H 1
| #define HAVE_SYS_STAT_H 1
| #define HAVE_STDLIB_H 1
| #define HAVE_STRING_H 1
| #define HAVE_MEMORY_H 1
| #define HAVE_STRINGS_H 1
| #define HAVE_INTTYPES_H 1
| #define HAVE_STDINT_H 1
| #define HAVE_UNISTD_H 1
| #define __EXTENSIONS__ 1
| #define _ALL_SOURCE 1
| #define _GNU_SOURCE 1
| #define _POSIX_PTHREAD_SEMANTICS 1
| #define _TANDEM_SOURCE 1
| #define PY_SUPPORT_TIER 0
| #define STDC_HEADERS 1
| #define HAVE_ALLOCA_H 1
| #define HAVE_ASM_TYPES_H 1
| /* end confdefs.h.  */
| #include <bluetooth.h>
configure:9218: result: no
configure:9218: checking for bluetooth.h
configure:9218: result: no
configure:9218: checking conio.h usability
configure:9218: aarch64-linux-musl-gcc -c  -I/media/robert/data/ruxos-0510/rukos/apps/c/cpython/../dl/rootfs/include/  conftest.c >&5
conftest.c:62:10: fatal error: conio.h: No such file or directory
   62 | #include <conio.h>
      |          ^~~~~~~~~
compilation terminated.
configure:9218: $? = 1
configure: failed program was:
| /* confdefs.h */
| #define _NETBSD_SOURCE 1
| #define __BSD_VISIBLE 1
| #define _DARWIN_C_SOURCE 1
| #define _PYTHONFRAMEWORK ""
| #define _XOPEN_SOURCE 700
| #define _XOPEN_SOURCE_EXTENDED 1
| #define _POSIX_C_SOURCE 200809L
| #define STDC_HEADERS 1
| #define HAVE_SYS_TYPES_H 1
| #define HAVE_SYS_STAT_H 1
| #define HAVE_STDLIB_H 1
| #define HAVE_STRING_H 1
| #define HAVE_MEMORY_H 1
| #define HAVE_STRINGS_H 1
| #define HAVE_INTTYPES_H 1
| #define HAVE_STDINT_H 1
| #define HAVE_UNISTD_H 1
| #define __EXTENSIONS__ 1
| #define _ALL_SOURCE 1
| #define _GNU_SOURCE 1
| #define _POSIX_PTHREAD_SEMANTICS 1
| #define _TANDEM_SOURCE 1
| #define PY_SUPPORT_TIER 0
| #define STDC_HEADERS 1
| #define HAVE_ALLOCA_H 1
| #define HAVE_ASM_TYPES_H 1
| /* end confdefs.h.  */
| #include <stdio.h>
| #ifdef HAVE_SYS_TYPES_H
| # include <sys/types.h>
| #endif
| #ifdef HAVE_SYS_STAT_H
| # include <sys/stat.h>
| #endif
| #ifdef STDC_HEADERS
| # include <stdlib.h>
| # include <stddef.h>
| #else
| # ifdef HAVE_STDLIB_H
| #  include <stdlib.h>
| # endif
| #endif
| #ifdef HAVE_STRING_H
| # if !defined STDC_HEADERS && defined HAVE_MEMORY_H
| #  include <memory.h>
| # endif
| # include <string.h>
| #endif
| #ifdef HAVE_STRINGS_H
| # include <strings.h>
| #endif
| #ifdef HAVE_INTTYPES_H
| # include <inttypes.h>
| #endif
| #ifdef HAVE_STDINT_H
| # include <stdint.h>
| #endif
| #ifdef HAVE_UNISTD_H
| # include <unistd.h>
| #endif
| #include <conio.h>
configure:9218: result: no
configure:9218: checking conio.h presence
configure:9218: aarch64-linux-musl-gcc -E  conftest.c
conftest.c:29:10: fatal error: conio.h: No such file or directory
   29 | #include <conio.h>
      |          ^~~~~~~~~
compilation terminated.
configure:9218: $? = 1
configure: failed program was:
| /* confdefs.h */
| #define _NETBSD_SOURCE 1
| #define __BSD_VISIBLE 1
| #define _DARWIN_C_SOURCE 1
| #define _PYTHONFRAMEWORK ""
| #define _XOPEN_SOURCE 700
| #define _XOPEN_SOURCE_EXTENDED 1
| #define _POSIX_C_SOURCE 200809L
| #define STDC_HEADERS 1
| #define HAVE_SYS_TYPES_H 1
| #define HAVE_SYS_STAT_H 1
| #define HAVE_STDLIB_H 1
| #define HAVE_STRING_H 1
| #define HAVE_MEMORY_H 1
| #define HAVE_STRINGS_H 1
| #define HAVE_INTTYPES_H 1
| #define HAVE_STDINT_H 1
| #define HAVE_UNISTD_H 1
| #define __EXTENSIONS__ 1
| #define _ALL_SOURCE 1
| #define _GNU_SOURCE 1
| #define _POSIX_PTHREAD_SEMANTICS 1
| #define _TANDEM_SOURCE 1
| #define PY_SUPPORT_TIER 0
| #define STDC_HEADERS 1
| #define HAVE_ALLOCA_H 1
| #define HAVE_ASM_TYPES_H 1
| /* end confdefs.h.  */
| #include <conio.h>
configure:9218: result: no
configure:9218: checking for conio.h
configure:9218: result: no
configure:9218: checking crypt.h usability
configure:9218: aarch64-linux-musl-gcc -c  -I/media/robert/data/ruxos-0510/rukos/apps/c/cpython/../dl/rootfs/include/  conftest.c >&5
configure:9218: $? = 0
configure:9218: result: yes
configure:9218: checking crypt.h presence
configure:9218: aarch64-linux-musl-gcc -E  conftest.c
configure:9218: $? = 0
configure:9218: result: yes
configure:9218: checking for crypt.h
configure:9218: result: yes
configure:9218: checking direct.h usability
configure:9218: aarch64-linux-musl-gcc -c  -I/media/robert/data/ruxos-0510/rukos/apps/c/cpython/../dl/rootfs/include/  conftest.c >&5
conftest.c:63:10: fatal error: direct.h: No such file or directory
   63 | #include <direct.h>
      |          ^~~~~~~~~~
compilation terminated.
configure:9218: $? = 1
configure: failed program was:
| /* confdefs.h */
| #define _NETBSD_SOURCE 1
| #define __BSD_VISIBLE 1
| #define _DARWIN_C_SOURCE 1
| #define _PYTHONFRAMEWORK ""
| #define _XOPEN_SOURCE 700
| #define _XOPEN_SOURCE_EXTENDED 1
| #define _POSIX_C_SOURCE 200809L
| #define STDC_HEADERS 1
| #define HAVE_SYS_TYPES_H 1
| #define HAVE_SYS_STAT_H 1
| #define HAVE_STDLIB_H 1
| #define HAVE_STRING_H 1
| #define HAVE_MEMORY_H 1
| #define HAVE_STRINGS_H 1
| #define HAVE_INTTYPES_H 1
| #define HAVE_STDINT_H 1
| #define HAVE_UNISTD_H 1
| #define __EXTENSIONS__ 1
| #define _ALL_SOURCE 1
| #define _GNU_SOURCE 1
| #define _POSIX_PTHREAD_SEMANTICS 1
| #define _TANDEM_SOURCE 1
| #define PY_SUPPORT_TIER 0
| #define STDC_HEADERS 1
| #define HAVE_ALLOCA_H 1
| #define HAVE_ASM_TYPES_H 1
| #define HAVE_CRYPT_H 1
| /* end confdefs.h.  */
| #include <stdio.h>
| #ifdef HAVE_SYS_TYPES_H
| # include <sys/types.h>
| #endif
| #ifdef HAVE_SYS_STAT_H
| # include <sys/stat.h>
| #endif
| #ifdef STDC_HEADERS
| # include <stdlib.h>
| # include <stddef.h>
| #else
| # ifdef HAVE_STDLIB_H
| #  include <stdlib.h>
| # endif
| #endif
| #ifdef HAVE_STRING_H
| # if !defined STDC_HEADERS && defined HAVE_MEMORY_H
| #  include <memory.h>
| # endif
| # include <string.h>
| #endif
| #ifdef HAVE_STRINGS_H
| # include <strings.h>
| #endif
| #ifdef HAVE_INTTYPES_H
| # include <inttypes.h>
| #endif
| #ifdef HAVE_STDINT_H
| # include <stdint.h>
| #endif
| #ifdef HAVE_UNISTD_H
| # include <unistd.h>
| #endif
| #include <direct.h>
configure:9218: result: no
configure:9218: checking direct.h presence
configure:9218: aarch64-linux-musl-gcc -E  conftest.c
conftest.c:30:10: fatal error: direct.h: No such file or directory
   30 | #include <direct.h>
      |          ^~~~~~~~~~
compilation terminated.
configure:9218: $? = 1
configure: failed program was:
| /* confdefs.h */
| #define _NETBSD_SOURCE 1
| #define __BSD_VISIBLE 1
| #define _DARWIN_C_SOURCE 1
| #define _PYTHONFRAMEWORK ""
| #define _XOPEN_SOURCE 700
| #define _XOPEN_SOURCE_EXTENDED 1
| #define _POSIX_C_SOURCE 200809L
| #define STDC_HEADERS 1
| #define HAVE_SYS_TYPES_H 1
| #define HAVE_SYS_STAT_H 1
| #define HAVE_STDLIB_H 1
| #define HAVE_STRING_H 1
| #define HAVE_MEMORY_H 1
| #define HAVE_STRINGS_H 1
| #define HAVE_INTTYPES_H 1
| #define HAVE_STDINT_H 1
| #define HAVE_UNISTD_H 1
| #define __EXTENSIONS__ 1
| #define _ALL_SOURCE 1
| #define _GNU_SOURCE 1
| #define _POSIX_PTHREAD_SEMANTICS 1
| #define _TANDEM_SOURCE 1
| #define PY_SUPPORT_TIER 0
| #define STDC_HEADERS 1
| #define HAVE_ALLOCA_H 1
| #define HAVE_ASM_TYPES_H 1
| #define HAVE_CRYPT_H 1
| /* end confdefs.h.  */
| #include <direct.h>
configure:9218: result: no
configure:9218: checking for direct.h
configure:9218: result: no
configure:9218: checking dlfcn.h usability
configure:9218: aarch64-linux-musl-gcc -c  -I/media/robert/data/ruxos-0510/rukos/apps/c/cpython/../dl/rootfs/include/  conftest.c >&5
configure:9218: $? = 0
configure:9218: result: yes
configure:9218: checking dlfcn.h presence
configure:9218: aarch64-linux-musl-gcc -E  conftest.c
configure:9218: $? = 0
configure:9218: result: yes
configure:9218: checking for dlfcn.h
configure:9218: result: yes
configure:9218: checking endian.h usability
configure:9218: aarch64-linux-musl-gcc -c  -I/media/robert/data/ruxos-0510/rukos/apps/c/cpython/../dl/rootfs/include/  conftest.c >&5
configure:9218: $? = 0
configure:9218: result: yes
configure:9218: checking endian.h presence
configure:9218: aarch64-linux-musl-gcc -E  conftest.c
configure:9218: $? = 0
configure:9218: result: yes
configure:9218: checking for endian.h
configure:9218: result: yes
configure:9218: checking errno.h usability
configure:9218: aarch64-linux-musl-gcc -c  -I/media/robert/data/ruxos-0510/rukos/apps/c/cpython/../dl/rootfs/include/  conftest.c >&5

## ---------------- ##
## Cache variables. ##
## ---------------- ##

ac_cv_build=x86_64-pc-none
ac_cv_c_compiler_gnu=yes
ac_cv_cc_name=gcc
ac_cv_cc_supports_og=yes
ac_cv_cxx_thread=no
ac_cv_disable_int_conversion_warning=yes
ac_cv_disable_missing_field_initializers_warning=yes
ac_cv_disable_unused_parameter_warning=yes
ac_cv_enable_extra_warning=yes
ac_cv_enable_implicit_function_declaration_error=yes
ac_cv_enable_sign_compare_warning=yes
ac_cv_enable_strict_prototypes_warning=yes
ac_cv_enable_unreachable_code_warning=no
ac_cv_enable_visibility=yes
ac_cv_env_BZIP2_CFLAGS_set=
ac_cv_env_BZIP2_CFLAGS_value=
ac_cv_env_BZIP2_LIBS_set=
ac_cv_env_BZIP2_LIBS_value=
ac_cv_env_CC_set=set
ac_cv_env_CC_value=aarch64-linux-musl-gcc
ac_cv_env_CFLAGS_set=set
ac_cv_env_CFLAGS_value=' -I/media/robert/data/ruxos-0510/rukos/apps/c/cpython/../dl/rootfs/include/'
ac_cv_env_CPPFLAGS_set=
ac_cv_env_CPPFLAGS_value=
ac_cv_env_CPP_set=
ac_cv_env_CPP_value=
ac_cv_env_GDBM_CFLAGS_set=
ac_cv_env_GDBM_CFLAGS_value=
ac_cv_env_GDBM_LIBS_set=
ac_cv_env_GDBM_LIBS_value=
ac_cv_env_HOSTRUNNER_set=
ac_cv_env_HOSTRUNNER_value=
ac_cv_env_LDFLAGS_set=set
ac_cv_env_LDFLAGS_value=' -L/media/robert/data/ruxos-0510/rukos/apps/c/cpython/../dl/rootfs/lib/'
ac_cv_env_LIBB2_CFLAGS_set=
ac_cv_env_LIBB2_CFLAGS_value=
ac_cv_env_LIBB2_LIBS_set=
ac_cv_env_LIBB2_LIBS_value=
ac_cv_env_LIBCRYPT_CFLAGS_set=
ac_cv_env_LIBCRYPT_CFLAGS_value=
ac_cv_env_LIBCRYPT_LIBS_set=
ac_cv_env_LIBCRYPT_LIBS_value=
ac_cv_env_LIBLZMA_CFLAGS_set=
ac_cv_env_LIBLZMA_CFLAGS_value=
ac_cv_env_LIBLZMA_LIBS_set=
ac_cv_env_LIBLZMA_LIBS_value=
ac_cv_env_LIBNSL_CFLAGS_set=
ac_cv_env_LIBNSL_CFLAGS_value=
ac_cv_env_LIBNSL_LIBS_set=
ac_cv_env_LIBNSL_LIBS_value=
ac_cv_env_LIBSQLITE3_CFLAGS_set=
ac_cv_env_LIBSQLITE3_CFLAGS_value=
ac_cv_env_LIBSQLITE3_LIBS_set=
ac_cv_env_LIBSQLITE3_LIBS_value=
ac_cv_env_LIBS_set=
ac_cv_env_LIBS_value=
ac_cv_env_LIBUUID_CFLAGS_set=
ac_cv_env_LIBUUID_CFLAGS_value=
ac_cv_env_LIBUUID_LIBS_set=
ac_cv_env_LIBUUID_LIBS_value=
ac_cv_env_MACHDEP_set=
ac_cv_env_MACHDEP_value=
ac_cv_env_PKG_CONFIG_LIBDIR_set=
ac_cv_env_PKG_CONFIG_LIBDIR_value=
ac_cv_env_PKG_CONFIG_PATH_set=set
ac_cv_env_PKG_CONFIG_PATH_value=/media/robert/data/ruxos-0510/rukos/apps/c/cpython/../dl/rootfs/lib/pkgconfig
ac_cv_env_PKG_CONFIG_set=
ac_cv_env_PKG_CONFIG_value=
ac_cv_env_PROFILE_TASK_set=
ac_cv_env_PROFILE_TASK_value=
ac_cv_env_TCLTK_CFLAGS_set=
ac_cv_env_TCLTK_CFLAGS_value=
ac_cv_env_TCLTK_LIBS_set=
ac_cv_env_TCLTK_LIBS_value=
ac_cv_env_X11_CFLAGS_set=
ac_cv_env_X11_CFLAGS_value=
ac_cv_env_X11_LIBS_set=
ac_cv_env_X11_LIBS_value=
ac_cv_env_ZLIB_CFLAGS_set=
ac_cv_env_ZLIB_CFLAGS_value=
ac_cv_env_ZLIB_LIBS_set=
ac_cv_env_ZLIB_LIBS_value=
ac_cv_env_build_alias_set=set
ac_cv_env_build_alias_value=x86_64
ac_cv_env_host_alias_set=set
ac_cv_env_host_alias_value=aarch64-linux-musl
ac_cv_env_target_alias_set=
ac_cv_env_target_alias_value=
ac_cv_file__dev_ptc=no
ac_cv_file__dev_ptmx=yes
ac_cv_func_accept4=no
ac_cv_func_clock_getres=no
ac_cv_func_clock_nanosleep=no
ac_cv_func_select6=no
ac_cv_func_setitimer=no
ac_cv_func_utimensat=no
ac_cv_func_wait4=no
ac_cv_header_alloca_h=yes
ac_cv_header_asm_types_h=yes
ac_cv_header_bluetooth_h=no
ac_cv_header_conio_h=no
ac_cv_header_crypt_h=yes
ac_cv_header_direct_h=no
ac_cv_header_dlfcn_h=yes
ac_cv_header_endian_h=yes
ac_cv_header_inttypes_h=yes
ac_cv_header_memory_h=yes
ac_cv_header_minix_config_h=no
ac_cv_header_stdc=yes
ac_cv_header_stdint_h=yes
ac_cv_header_stdlib_h=yes
ac_cv_header_string_h=yes
ac_cv_header_strings_h=yes
ac_cv_header_sys_stat_h=yes
ac_cv_header_sys_types_h=yes
ac_cv_header_unistd_h=yes
ac_cv_host=aarch64-unknown-linux-musl
ac_cv_kpthread=no
ac_cv_kthread=no
ac_cv_no_strict_aliasing=no
ac_cv_objext=o
ac_cv_path_EGREP='/usr/bin/grep -E'
ac_cv_path_GREP=/usr/bin/grep
ac_cv_path_SED=/usr/bin/sed
ac_cv_path_ac_pt_LLVM_PROFDATA=/usr/local/bin/llvm-profdata
ac_cv_path_ac_pt_PKG_CONFIG=/usr/bin/pkg-config
ac_cv_path_install='/usr/bin/install -c'
ac_cv_path_mkdir=/usr/bin/mkdir
ac_cv_prog_AR=aarch64-linux-musl-ar
ac_cv_prog_CC=aarch64-linux-musl-gcc
ac_cv_prog_CPP='aarch64-linux-musl-gcc -E'
ac_cv_prog_CXX=aarch64-linux-musl-c++
ac_cv_prog_PYTHON_FOR_REGEN=python3.11
ac_cv_prog_READELF=aarch64-linux-musl-readelf
ac_cv_prog_cc_c89=
ac_cv_prog_cc_g=yes
ac_cv_pthread=no
ac_cv_pthread_is_default=no
ac_cv_safe_to_define___extensions__=yes
ac_cv_wl_no_as_needed=yes
ax_cv_check_cflags___fno_semantic_interposition=yes

## ----------------- ##
## Output variables. ##
## ----------------- ##

ABIFLAGS=''
ALT_SOABI=''
AR='aarch64-linux-musl-ar'
ARCH_RUN_32BIT=''
ARFLAGS='rcs'
BASECFLAGS=' -Wsign-compare'
BASECPPFLAGS=''
BINLIBDEST=''
BLDLIBRARY='$(LDLIBRARY)'
BLDSHARED=''
BUILDEXEEXT=''
BZIP2_CFLAGS=''
BZIP2_LIBS=''
CC='aarch64-linux-musl-gcc'
CCSHARED=''
CFLAGS=' -I/media/robert/data/ruxos-0510/rukos/apps/c/cpython/../dl/rootfs/include/'
CFLAGSFORSHARED=''
CFLAGS_ALIASING=''
CFLAGS_NODIST=' -fno-semantic-interposition -std=c11 -Wextra -Wno-unused-parameter -Wno-missing-field-initializers -Wstrict-prototypes -Werror=implicit-function-declaration -fvisibility=hidden'
CONFIGURE_MACOSX_DEPLOYMENT_TARGET=''
CONFIG_ARGS=' '\''--prefix=/media/robert/data/ruxos-0510/rukos/apps/c/cpython/../dl/rootfs'\'' '\''--with-build-python=python3.11'\'' '\''--build=x86_64'\'' '\''--host=aarch64-linux-musl'\'' '\''--enable-ipv6'\'' '\''--with-config-site=./CONFIG_SITE'\'' '\''--enable-optimizations'\'' '\''build_alias=x86_64'\'' '\''host_alias=aarch64-linux-musl'\'' '\''PKG_CONFIG_PATH=/media/robert/data/ruxos-0510/rukos/apps/c/cpython/../dl/rootfs/lib/pkgconfig'\'' '\''CC=aarch64-linux-musl-gcc'\'' '\''CFLAGS= -I/media/robert/data/ruxos-0510/rukos/apps/c/cpython/../dl/rootfs/include/'\'' '\''LDFLAGS= -L/media/robert/data/ruxos-0510/rukos/apps/c/cpython/../dl/rootfs/lib/'\'''
CPP='aarch64-linux-musl-gcc -E'
CPPFLAGS=''
CXX='aarch64-linux-musl-c++'
DEFS=''
DEF_MAKE_ALL_RULE='profile-opt'
DEF_MAKE_RULE='build_all'
DFLAGS=''
DLINCLDIR=''
DLLLIBRARY=''
DTRACE=''
DTRACE_HEADERS=''
DTRACE_OBJS=''
DYNLOADFILE=''
ECHO_C=''
ECHO_N='-n'
ECHO_T=''
EGREP='/usr/bin/grep -E'
ENSUREPIP=''
EXEEXT=''
EXPORTSFROM=''
EXPORTSYMS=''
EXPORT_MACOSX_DEPLOYMENT_TARGET='#'
EXT_SUFFIX=''
FRAMEWORKALTINSTALLFIRST=''
FRAMEWORKALTINSTALLLAST=''
FRAMEWORKINSTALLAPPSPREFIX=''
FRAMEWORKINSTALLFIRST=''
FRAMEWORKINSTALLLAST=''
FRAMEWORKPYTHONW=''
FRAMEWORKUNIXTOOLSPREFIX='/media/robert/data/ruxos-0510/rukos/apps/c/cpython/../dl/rootfs'
FREEZE_MODULE='$(FREEZE_MODULE_BOOTSTRAP)'
FREEZE_MODULE_BOOTSTRAP='$(PYTHON_FOR_FREEZE) $(srcdir)/Programs/_freeze_module.py'
FREEZE_MODULE_BOOTSTRAP_DEPS='$(srcdir)/Programs/_freeze_module.py'
FREEZE_MODULE_DEPS='$(FREEZE_MODULE_BOOTSTRAP_DEPS)'
GDBM_CFLAGS=''
GDBM_LIBS=''
GITBRANCH=''
GITTAG=''
GITVERSION=''
GNULD='yes'
GREP='/usr/bin/grep'
HAS_GIT='no-repository'
HAVE_GETHOSTBYNAME=''
HAVE_GETHOSTBYNAME_R=''
HAVE_GETHOSTBYNAME_R_3_ARG=''
HAVE_GETHOSTBYNAME_R_5_ARG=''
HAVE_GETHOSTBYNAME_R_6_ARG=''
HOSTRUNNER=''
INSTALL_DATA='${INSTALL} -m 644'
INSTALL_PROGRAM='${INSTALL}'
INSTALL_SCRIPT='${INSTALL}'
INSTSONAME='$(LDLIBRARY)'
LDCXXSHARED=''
LDFLAGS=' -L/media/robert/data/ruxos-0510/rukos/apps/c/cpython/../dl/rootfs/lib/'
LDFLAGS_NODIST=' -fno-semantic-interposition'
LDFLAGS_NOLTO=''
LDLIBRARY='libpython$(VERSION)$(ABIFLAGS).a'
LDLIBRARYDIR=''
LDSHARED=''
LDVERSION='3.11'
LIBB2_CFLAGS=''
LIBB2_LIBS=''
LIBC=''
LIBCRYPT_CFLAGS=''
LIBCRYPT_LIBS=''
LIBEXPAT_CFLAGS=''
LIBEXPAT_INTERNAL=''
LIBEXPAT_LDFLAGS=''
LIBFFI_INCLUDEDIR=''
LIBLZMA_CFLAGS=''
LIBLZMA_LIBS=''
LIBM=''
LIBMPDEC_CFLAGS=''
LIBMPDEC_INTERNAL=''
LIBMPDEC_LDFLAGS=''
LIBNSL_CFLAGS=''
LIBNSL_LIBS=''
LIBOBJS=''
LIBPL=''
LIBPYTHON=''
LIBRARY='libpython$(VERSION)$(ABIFLAGS).a'
LIBRARY_DEPS='$(LIBRARY) $(PY3LIBRARY) $(EXPORTSYMS)'
LIBS=''
LIBSQLITE3_CFLAGS=''
LIBSQLITE3_LIBS=''
LIBTOOL_CRUFT=''
LIBUUID_CFLAGS=''
LIBUUID_LIBS=''
LINKCC='$(PURIFY) $(MAINCC)'
LINKFORSHARED=''
LINK_PYTHON_DEPS='$(LIBRARY_DEPS)'
LINK_PYTHON_OBJS='$(LIBRARY_OBJS)'
LIPO_32BIT_FLAGS=''
LIPO_INTEL64_FLAGS=''
LLVM_AR=''
LLVM_AR_FOUND=''
LLVM_PROFDATA='/usr/local/bin/llvm-profdata'
LLVM_PROF_ERR='no'
LLVM_PROF_FILE=''
LLVM_PROF_FOUND='found'
LLVM_PROF_MERGER='true'
LN='ln'
LTLIBOBJS=''
MACHDEP='linux'
MACHDEP_OBJS=''
MAINCC='$(CC)'
MKDIR_P='/usr/bin/mkdir -p'
MODULES_SETUP_STDLIB=''
MODULE_ARRAY_FALSE=''
MODULE_ARRAY_TRUE=''
MODULE_AUDIOOP_FALSE=''
MODULE_AUDIOOP_TRUE=''
MODULE_BINASCII_FALSE=''
MODULE_BINASCII_TRUE=''
MODULE_BLOCK=''
MODULE_BUILDTYPE=''
MODULE_CMATH_FALSE=''
MODULE_CMATH_TRUE=''
MODULE_FCNTL_FALSE=''
MODULE_FCNTL_TRUE=''
MODULE_GRP_FALSE=''
MODULE_GRP_TRUE=''
MODULE_MATH_FALSE=''
MODULE_MATH_TRUE=''
MODULE_MMAP_FALSE=''
MODULE_MMAP_TRUE=''
MODULE_NIS_FALSE=''
MODULE_NIS_TRUE=''
MODULE_OSSAUDIODEV_FALSE=''
MODULE_OSSAUDIODEV_TRUE=''
MODULE_PWD_FALSE=''
MODULE_PWD_TRUE=''
MODULE_PYEXPAT_FALSE=''
MODULE_PYEXPAT_TRUE=''
MODULE_RESOURCE_FALSE=''
MODULE_RESOURCE_TRUE=''
MODULE_SELECT_FALSE=''
MODULE_SELECT_TRUE=''
MODULE_SPWD_FALSE=''
MODULE_SPWD_TRUE=''
MODULE_SYSLOG_FALSE=''
MODULE_SYSLOG_TRUE=''
MODULE_TERMIOS_FALSE=''
MODULE_TERMIOS_TRUE=''
MODULE_TIME_FALSE=''
MODULE_TIME_TRUE=''
MODULE_UNICODEDATA_FALSE=''
MODULE_UNICODEDATA_TRUE=''
MODULE_XXLIMITED_35_FALSE=''
MODULE_XXLIMITED_35_TRUE=''
MODULE_XXLIMITED_FALSE=''
MODULE_XXLIMITED_TRUE=''
MODULE_ZLIB_FALSE=''
MODULE_ZLIB_TRUE=''
MODULE__ASYNCIO_FALSE=''
MODULE__ASYNCIO_TRUE=''
MODULE__BISECT_FALSE=''
MODULE__BISECT_TRUE=''
MODULE__BLAKE2_FALSE=''
MODULE__BLAKE2_TRUE=''
MODULE__BZ2_FALSE=''
MODULE__BZ2_TRUE=''
MODULE__CODECS_CN_FALSE=''
MODULE__CODECS_CN_TRUE=''
MODULE__CODECS_HK_FALSE=''
MODULE__CODECS_HK_TRUE=''
MODULE__CODECS_ISO2022_FALSE=''
MODULE__CODECS_ISO2022_TRUE=''
MODULE__CODECS_JP_FALSE=''
MODULE__CODECS_JP_TRUE=''
MODULE__CODECS_KR_FALSE=''
MODULE__CODECS_KR_TRUE=''
MODULE__CODECS_TW_FALSE=''
MODULE__CODECS_TW_TRUE=''
MODULE__CONTEXTVARS_FALSE=''
MODULE__CONTEXTVARS_TRUE=''
MODULE__CRYPT_FALSE=''
MODULE__CRYPT_TRUE=''
MODULE__CSV_FALSE=''
MODULE__CSV_TRUE=''
MODULE__CTYPES_TEST_FALSE=''
MODULE__CTYPES_TEST_TRUE=''
MODULE__DATETIME_FALSE=''
MODULE__DATETIME_TRUE=''
MODULE__DECIMAL_FALSE=''
MODULE__DECIMAL_TRUE=''
MODULE__ELEMENTTREE_FALSE=''
MODULE__ELEMENTTREE_TRUE=''
MODULE__GDBM_FALSE=''
MODULE__GDBM_TRUE=''
MODULE__HASHLIB_FALSE=''
MODULE__HASHLIB_TRUE=''
MODULE__HEAPQ_FALSE=''
MODULE__HEAPQ_TRUE=''
MODULE__IO_FALSE=''
MODULE__IO_TRUE=''
MODULE__JSON_FALSE=''
MODULE__JSON_TRUE=''
MODULE__LSPROF_FALSE=''
MODULE__LSPROF_TRUE=''
MODULE__LZMA_FALSE=''
MODULE__LZMA_TRUE=''
MODULE__MD5_FALSE=''
MODULE__MD5_TRUE=''
MODULE__MULTIBYTECODEC_FALSE=''
MODULE__MULTIBYTECODEC_TRUE=''
MODULE__MULTIPROCESSING_FALSE=''
MODULE__MULTIPROCESSING_TRUE=''
MODULE__OPCODE_FALSE=''
MODULE__OPCODE_TRUE=''
MODULE__PICKLE_FALSE=''
MODULE__PICKLE_TRUE=''
MODULE__POSIXSHMEM_FALSE=''
MODULE__POSIXSHMEM_TRUE=''
MODULE__POSIXSUBPROCESS_FALSE=''
MODULE__POSIXSUBPROCESS_TRUE=''
MODULE__QUEUE_FALSE=''
MODULE__QUEUE_TRUE=''
MODULE__RANDOM_FALSE=''
MODULE__RANDOM_TRUE=''
MODULE__SCPROXY_FALSE=''
MODULE__SCPROXY_TRUE=''
MODULE__SHA1_FALSE=''
MODULE__SHA1_TRUE=''
MODULE__SHA256_FALSE=''
MODULE__SHA256_TRUE=''
MODULE__SHA3_FALSE=''
MODULE__SHA3_TRUE=''
MODULE__SHA512_FALSE=''
MODULE__SHA512_TRUE=''
MODULE__SOCKET_FALSE=''
MODULE__SOCKET_TRUE=''
MODULE__SQLITE3_FALSE=''
MODULE__SQLITE3_TRUE=''
MODULE__SSL_FALSE=''
MODULE__SSL_TRUE=''
MODULE__STATISTICS_FALSE=''
MODULE__STATISTICS_TRUE=''
MODULE__STRUCT_FALSE=''
MODULE__STRUCT_TRUE=''
MODULE__TESTBUFFER_FALSE=''
MODULE__TESTBUFFER_TRUE=''
MODULE__TESTCAPI_FALSE=''
MODULE__TESTCAPI_TRUE=''
MODULE__TESTCLINIC_FALSE=''
MODULE__TESTCLINIC_TRUE=''
MODULE__TESTIMPORTMULTIPLE_FALSE=''
MODULE__TESTIMPORTMULTIPLE_TRUE=''
MODULE__TESTINTERNALCAPI_FALSE=''
MODULE__TESTINTERNALCAPI_TRUE=''
MODULE__TESTMULTIPHASE_FALSE=''
MODULE__TESTMULTIPHASE_TRUE=''
MODULE__TKINTER_FALSE=''
MODULE__TKINTER_TRUE=''
MODULE__TYPING_FALSE=''
MODULE__TYPING_TRUE=''
MODULE__UUID_FALSE=''
MODULE__UUID_TRUE=''
MODULE__XXSUBINTERPRETERS_FALSE=''
MODULE__XXSUBINTERPRETERS_TRUE=''
MODULE__XXTESTFUZZ_FALSE=''
MODULE__XXTESTFUZZ_TRUE=''
MODULE__ZONEINFO_FALSE=''
MODULE__ZONEINFO_TRUE=''
MULTIARCH='aarch64-linux-gnu'
MULTIARCH_CPPFLAGS='-DMULTIARCH=\"aarch64-linux-gnu\"'
NODE=''
NO_AS_NEEDED='-Wl,--no-as-needed'
OBJEXT='o'
OPENSSL_INCLUDES=''
OPENSSL_LDFLAGS=''
OPENSSL_LIBS=''
OPENSSL_RPATH=''
OPT='-DNDEBUG -g -fwrapv -O3 -Wall'
OTHER_LIBTOOL_OPT=''
PACKAGE_BUGREPORT='https://github.com/python/cpython/issues/'
PACKAGE_NAME='python'
PACKAGE_STRING='python 3.11'
PACKAGE_TARNAME='python'
PACKAGE_URL=''
PACKAGE_VERSION='3.11'
PATH_SEPARATOR=':'
PGO_PROF_GEN_FLAG='-fprofile-generate'
PGO_PROF_USE_FLAG='-fprofile-use -fprofile-correction'
PKG_CONFIG='/usr/bin/pkg-config'
PKG_CONFIG_LIBDIR=''
PKG_CONFIG_PATH='/media/robert/data/ruxos-0510/rukos/apps/c/cpython/../dl/rootfs/lib/pkgconfig'
PLATFORM_HEADERS=''
PLATFORM_OBJS=''
PLATFORM_TRIPLET='aarch64-linux-gnu'
PLATLIBDIR=''
PROFILE_TASK='-m test --pgo --timeout=$(TESTTIMEOUT)'
PY3LIBRARY=''
PYTHONFRAMEWORK=''
PYTHONFRAMEWORKDIR='no-framework'
PYTHONFRAMEWORKIDENTIFIER='org.python.python'
PYTHONFRAMEWORKINSTALLDIR=''
PYTHONFRAMEWORKPREFIX=''
PYTHON_FOR_BUILD='_PYTHON_PROJECT_BASE=$(abs_builddir) _PYTHON_HOST_PLATFORM=$(_PYTHON_HOST_PLATFORM) PYTHONPATH=$(shell test -f pybuilddir.txt && echo $(abs_builddir)/`cat pybuilddir.txt`:)$(srcdir)/Lib _PYTHON_SYSCONFIGDATA_NAME=_sysconfigdata_$(ABIFLAGS)_$(MACHDEP)_$(MULTIARCH) python3.11'
PYTHON_FOR_BUILD_DEPS=''
PYTHON_FOR_FREEZE='python3.11'
PYTHON_FOR_REGEN='python3.11'
PY_ENABLE_SHARED='0'
READELF='aarch64-linux-musl-readelf'
RUNSHARED=''
SED='/usr/bin/sed'
SHELL='/bin/bash'
SHLIBS=''
SHLIB_SUFFIX=''
SOABI=''
SOVERSION='1.0'
SRCDIRS=''
STATIC_LIBPYTHON='1'
TCLTK_CFLAGS=''
TCLTK_LIBS=''
TEST_MODULES=''
THREADHEADERS=''
TRUE=''
TZPATH=''
UNIVERSALSDK=''
UNIVERSAL_ARCH_FLAGS=''
VERSION='3.11'
WASM_ASSETS_DIR=''
WASM_STDLIB=''
WHEEL_PKG_DIR=''
X11_CFLAGS=''
X11_LIBS=''
ZLIB_CFLAGS=''
ZLIB_LIBS=''
_PYTHON_HOST_PLATFORM='linux-aarch64'
ac_ct_AR=''
ac_ct_CC=''
ac_ct_CXX=''
ac_ct_READELF=''
bindir='${exec_prefix}/bin'
build='x86_64-pc-none'
build_alias='x86_64'
build_cpu='x86_64'
build_os='none'
build_vendor='pc'
datadir='${datarootdir}'
datarootdir='${prefix}/share'
docdir='${datarootdir}/doc/${PACKAGE_TARNAME}'
dvidir='${docdir}'
exec_prefix='NONE'
host='aarch64-unknown-linux-musl'
host_alias='aarch64-linux-musl'
host_cpu='aarch64'
host_os='linux-musl'
host_vendor='unknown'
htmldir='${docdir}'
includedir='${prefix}/include'
infodir='${datarootdir}/info'
libdir='${exec_prefix}/lib'
libexecdir='${exec_prefix}/libexec'
localedir='${datarootdir}/locale'
localstatedir='${prefix}/var'
mandir='${datarootdir}/man'
oldincludedir='/usr/include'
pdfdir='${docdir}'
prefix='/media/robert/data/ruxos-0510/rukos/apps/c/cpython/../dl/rootfs'
program_transform_name='s,x,x,'
psdir='${docdir}'
runstatedir='${localstatedir}/run'
sbindir='${exec_prefix}/sbin'
sharedstatedir='${prefix}/com'
sysconfdir='${prefix}/etc'
target_alias=''

## ----------- ##
## confdefs.h. ##
## ----------- ##

/* confdefs.h */
#define _NETBSD_SOURCE 1
#define __BSD_VISIBLE 1
#define _DARWIN_C_SOURCE 1
#define _PYTHONFRAMEWORK ""
#define _XOPEN_SOURCE 700
#define _XOPEN_SOURCE_EXTENDED 1
#define _POSIX_C_SOURCE 200809L
#define STDC_HEADERS 1
#define HAVE_SYS_TYPES_H 1
#define HAVE_SYS_STAT_H 1
#define HAVE_STDLIB_H 1
#define HAVE_STRING_H 1
#define HAVE_MEMORY_H 1
#define HAVE_STRINGS_H 1
#define HAVE_INTTYPES_H 1
#define HAVE_STDINT_H 1
#define HAVE_UNISTD_H 1
#define __EXTENSIONS__ 1
#define _ALL_SOURCE 1
#define _GNU_SOURCE 1
#define _POSIX_PTHREAD_SEMANTICS 1
#define _TANDEM_SOURCE 1
#define PY_SUPPORT_TIER 0
#define STDC_HEADERS 1
#define HAVE_ALLOCA_H 1
#define HAVE_ASM_TYPES_H 1
#define HAVE_CRYPT_H 1
#define HAVE_DLFCN_H 1
#define HAVE_ENDIAN_H 1

configure: caught signal 2
configure: exit 1
