This file contains any messages produced by compilers while
running configure, to aid debugging if configure makes a mistake.

It was created by libffi configure 3.4.6, which was
generated by GNU Autoconf 2.71.  Invocation command line was

  $ .././configure --srcdir=.. --enable-builddir=aarch64-unknown-linux-musl --host=aarch64-linux-musl --enable-static=yes --prefix=/media/robert/data/ruxos-0510/rukos/apps/c/cpython/../dl/rootfs host_alias=aarch64-linux-musl

## --------- ##
## Platform. ##
## --------- ##

hostname = robert-Lenovo-XiaoXinAir-14ITL-2021
uname -m = x86_64
uname -r = 6.5.0-35-generic
uname -s = Linux
uname -v = #35~22.04.1-Ubuntu SMP PREEMPT_DYNAMIC Tue May  7 09:00:52 UTC 2

/usr/bin/uname -p = x86_64
/bin/uname -X     = unknown

/bin/arch              = x86_64
/usr/bin/arch -k       = unknown
/usr/convex/getsysinfo = unknown
/usr/bin/hostinfo      = unknown
/bin/machine           = unknown
/usr/bin/oslevel       = unknown
/bin/universe          = unknown

PATH: /home/robert/.local/bin/
PATH: /home/robert/.cargo/bin/
PATH: /home/robert/.local/bin/
PATH: /usr/local/sbin/
PATH: /usr/local/bin/
PATH: /usr/sbin/
PATH: /usr/bin/
PATH: /sbin/
PATH: /bin/
PATH: /usr/games/
PATH: /usr/local/games/
PATH: /snap/bin/
PATH: /snap/bin/
PATH: /home/robert/Downloads/musl-cross-make/output/bin/
PATH: /opt/riscv/bin/
PATH: /media/robert/data/aarch64-linux-musl-cross/bin/
PATH: /home/robert/.local/bin/
PATH: /usr/local/go/bin/
PATH: /media/robert/data/x86_64-linux-musl-cross/bin/
PATH: /media/robert/data/ruxos-0322/ruxos-test/riscv64-linux-musl-cross/bin/
PATH: /home/robert/Downloads/musl-cross-make/output/bin/
PATH: /opt/riscv/bin/
PATH: /media/robert/data/aarch64-linux-musl-cross/bin/
PATH: /home/robert/.local/bin/
PATH: /usr/local/go/bin/
PATH: /media/robert/data/x86_64-linux-musl-cross/bin/
PATH: /media/robert/data/ruxos-0322/ruxos-test/riscv64-linux-musl-cross/bin/


## ----------- ##
## Core tests. ##
## ----------- ##

configure:3015: looking for aux files: ltmain.sh compile missing install-sh config.guess config.sub
configure:3028:  trying ../
configure:3057:   ../ltmain.sh found
configure:3057:   ../compile found
configure:3057:   ../missing found
configure:3039:   ../install-sh found
configure:3057:   ../config.guess found
configure:3057:   ../config.sub found
configure:3178: checking build system type
configure:3193: result: x86_64-pc-linux-gnu
configure:3213: checking host system type
configure:3227: result: aarch64-unknown-linux-musl
configure:3247: checking target system type
configure:3261: result: aarch64-unknown-linux-musl
configure:3359: checking for gsed
configure:3395: result: sed
configure:3424: checking for a BSD-compatible install
configure:3497: result: /usr/bin/install -c
configure:3508: checking whether build environment is sane
configure:3563: result: yes
configure:3615: checking for aarch64-linux-musl-strip
configure:3636: found /media/robert/data/aarch64-linux-musl-cross/bin/aarch64-linux-musl-strip
configure:3647: result: aarch64-linux-musl-strip
configure:3718: checking for a race-free mkdir -p
configure:3762: result: /usr/bin/mkdir -p
configure:3769: checking for gawk
configure:3790: found /usr/bin/gawk
configure:3801: result: gawk
configure:3812: checking whether make sets $(MAKE)
configure:3835: result: yes
configure:3865: checking whether make supports nested variables
configure:3883: result: yes
configure:4047: checking for aarch64-linux-musl-gcc
configure:4068: found /media/robert/data/aarch64-linux-musl-cross/bin/aarch64-linux-musl-gcc
configure:4079: result: aarch64-linux-musl-gcc
configure:4477: checking for C compiler version
configure:4486: aarch64-linux-musl-gcc --version >&5
aarch64-linux-musl-gcc (GCC) 11.2.1 20211120
Copyright (C) 2021 Free Software Foundation, Inc.
This is free software; see the source for copying conditions.  There is NO
warranty; not even for MERCHANTABILITY or FITNESS FOR A PARTICULAR PURPOSE.

configure:4497: $? = 0
configure:4486: aarch64-linux-musl-gcc -v >&5
Using built-in specs.
COLLECT_GCC=aarch64-linux-musl-gcc
COLLECT_LTO_WRAPPER=/media/robert/data/aarch64-linux-musl-cross/bin/../libexec/gcc/aarch64-linux-musl/11.2.1/lto-wrapper
Target: aarch64-linux-musl
Configured with: ../src_gcc/configure --enable-languages=c,c++,fortran CC='gcc -static --static' CXX='g++ -static --static' FC='gfortran -static --static' CFLAGS='-g0 -O2 -fno-align-functions -fno-align-jumps -fno-align-loops -fno-align-labels -Wno-error' CXXFLAGS='-g0 -O2 -fno-align-functions -fno-align-jumps -fno-align-loops -fno-align-labels -Wno-error' FFLAGS='-g0 -O2 -fno-align-functions -fno-align-jumps -fno-align-loops -fno-align-labels -Wno-error' LDFLAGS='-s -static --static' --enable-default-pie --enable-static-pie --disable-cet --disable-bootstrap --disable-assembly --disable-werror --target=aarch64-linux-musl --prefix= --libdir=/lib --disable-multilib --with-sysroot=/aarch64-linux-musl --enable-tls --disable-libmudflap --disable-libsanitizer --disable-gnu-indirect-function --disable-libmpx --enable-initfini-array --enable-libstdcxx-time=rt --enable-deterministic-archives --enable-libstdcxx-time --enable-libquadmath --enable-libquadmath-support --disable-decimal-float --with-build-sysroot=/tmp/m1132/build/local/aarch64-linux-musl/obj_sysroot AR_FOR_TARGET=/tmp/m1132/build/local/aarch64-linux-musl/obj_binutils/binutils/ar AS_FOR_TARGET=/tmp/m1132/build/local/aarch64-linux-musl/obj_binutils/gas/as-new LD_FOR_TARGET=/tmp/m1132/build/local/aarch64-linux-musl/obj_binutils/ld/ld-new NM_FOR_TARGET=/tmp/m1132/build/local/aarch64-linux-musl/obj_binutils/binutils/nm-new OBJCOPY_FOR_TARGET=/tmp/m1132/build/local/aarch64-linux-musl/obj_binutils/binutils/objcopy OBJDUMP_FOR_TARGET=/tmp/m1132/build/local/aarch64-linux-musl/obj_binutils/binutils/objdump RANLIB_FOR_TARGET=/tmp/m1132/build/local/aarch64-linux-musl/obj_binutils/binutils/ranlib READELF_FOR_TARGET=/tmp/m1132/build/local/aarch64-linux-musl/obj_binutils/binutils/readelf STRIP_FOR_TARGET=/tmp/m1132/build/local/aarch64-linux-musl/obj_binutils/binutils/strip-new --build=x86_64-pc-linux-muslx32 --host=x86_64-pc-linux-muslx32
Thread model: posix
Supported LTO compression algorithms: zlib
gcc version 11.2.1 20211120 (GCC) 
configure:4497: $? = 0
configure:4486: aarch64-linux-musl-gcc -V >&5
aarch64-linux-musl-gcc: error: unrecognized command-line option '-V'
aarch64-linux-musl-gcc: fatal error: no input files
compilation terminated.
configure:4497: $? = 1
configure:4486: aarch64-linux-musl-gcc -qversion >&5
aarch64-linux-musl-gcc: error: unrecognized command-line option '-qversion'; did you mean '--version'?
aarch64-linux-musl-gcc: fatal error: no input files
compilation terminated.
configure:4497: $? = 1
configure:4486: aarch64-linux-musl-gcc -version >&5
aarch64-linux-musl-gcc: error: unrecognized command-line option '-version'
aarch64-linux-musl-gcc: fatal error: no input files
compilation terminated.
configure:4497: $? = 1
configure:4517: checking whether the C compiler works
configure:4539: aarch64-linux-musl-gcc    conftest.c  >&5
configure:4543: $? = 0
configure:4593: result: yes
configure:4596: checking for C compiler default output file name
configure:4598: result: a.out
configure:4604: checking for suffix of executables
configure:4611: aarch64-linux-musl-gcc -o conftest    conftest.c  >&5
configure:4615: $? = 0
configure:4638: result: 
configure:4660: checking whether we are cross compiling
configure:4668: aarch64-linux-musl-gcc -o conftest    conftest.c  >&5
configure:4672: $? = 0
configure:4679: ./conftest
.././configure: line 4681: ./conftest: cannot execute binary file: Exec format error
configure:4683: $? = 126
configure:4698: result: yes
configure:4703: checking for suffix of object files
configure:4726: aarch64-linux-musl-gcc -c   conftest.c >&5
configure:4730: $? = 0
configure:4752: result: o
configure:4756: checking whether the compiler supports GNU C
configure:4776: aarch64-linux-musl-gcc -c   conftest.c >&5
configure:4776: $? = 0
configure:4786: result: yes
configure:4797: checking whether aarch64-linux-musl-gcc accepts -g
configure:4818: aarch64-linux-musl-gcc -c -g  conftest.c >&5
configure:4818: $? = 0
configure:4862: result: yes
configure:4882: checking for aarch64-linux-musl-gcc option to enable C11 features
configure:4897: aarch64-linux-musl-gcc  -c -g -O2  conftest.c >&5
configure:4897: $? = 0
configure:4915: result: none needed
configure:5031: checking whether aarch64-linux-musl-gcc understands -c and -o together
configure:5054: aarch64-linux-musl-gcc -c conftest.c -o conftest2.o
configure:5057: $? = 0
configure:5054: aarch64-linux-musl-gcc -c conftest.c -o conftest2.o
configure:5057: $? = 0
configure:5069: result: yes
configure:5089: checking whether make supports the include directive
configure:5104: make -f confmf.GNU && cat confinc.out
this is the am__doit target
configure:5107: $? = 0
configure:5126: result: yes (GNU style)
configure:5152: checking dependency style of aarch64-linux-musl-gcc
configure:5264: result: gcc3
configure:5299: checking for aarch64-linux-musl-g++
configure:5320: found /media/robert/data/aarch64-linux-musl-cross/bin/aarch64-linux-musl-g++
configure:5331: result: aarch64-linux-musl-g++
configure:5407: checking for C++ compiler version
configure:5416: aarch64-linux-musl-g++ --version >&5
aarch64-linux-musl-g++ (GCC) 11.2.1 20211120
Copyright (C) 2021 Free Software Foundation, Inc.
This is free software; see the source for copying conditions.  There is NO
warranty; not even for MERCHANTABILITY or FITNESS FOR A PARTICULAR PURPOSE.

configure:5427: $? = 0
configure:5416: aarch64-linux-musl-g++ -v >&5
Using built-in specs.
COLLECT_GCC=aarch64-linux-musl-g++
COLLECT_LTO_WRAPPER=/media/robert/data/aarch64-linux-musl-cross/bin/../libexec/gcc/aarch64-linux-musl/11.2.1/lto-wrapper
Target: aarch64-linux-musl
Configured with: ../src_gcc/configure --enable-languages=c,c++,fortran CC='gcc -static --static' CXX='g++ -static --static' FC='gfortran -static --static' CFLAGS='-g0 -O2 -fno-align-functions -fno-align-jumps -fno-align-loops -fno-align-labels -Wno-error' CXXFLAGS='-g0 -O2 -fno-align-functions -fno-align-jumps -fno-align-loops -fno-align-labels -Wno-error' FFLAGS='-g0 -O2 -fno-align-functions -fno-align-jumps -fno-align-loops -fno-align-labels -Wno-error' LDFLAGS='-s -static --static' --enable-default-pie --enable-static-pie --disable-cet --disable-bootstrap --disable-assembly --disable-werror --target=aarch64-linux-musl --prefix= --libdir=/lib --disable-multilib --with-sysroot=/aarch64-linux-musl --enable-tls --disable-libmudflap --disable-libsanitizer --disable-gnu-indirect-function --disable-libmpx --enable-initfini-array --enable-libstdcxx-time=rt --enable-deterministic-archives --enable-libstdcxx-time --enable-libquadmath --enable-libquadmath-support --disable-decimal-float --with-build-sysroot=/tmp/m1132/build/local/aarch64-linux-musl/obj_sysroot AR_FOR_TARGET=/tmp/m1132/build/local/aarch64-linux-musl/obj_binutils/binutils/ar AS_FOR_TARGET=/tmp/m1132/build/local/aarch64-linux-musl/obj_binutils/gas/as-new LD_FOR_TARGET=/tmp/m1132/build/local/aarch64-linux-musl/obj_binutils/ld/ld-new NM_FOR_TARGET=/tmp/m1132/build/local/aarch64-linux-musl/obj_binutils/binutils/nm-new OBJCOPY_FOR_TARGET=/tmp/m1132/build/local/aarch64-linux-musl/obj_binutils/binutils/objcopy OBJDUMP_FOR_TARGET=/tmp/m1132/build/local/aarch64-linux-musl/obj_binutils/binutils/objdump RANLIB_FOR_TARGET=/tmp/m1132/build/local/aarch64-linux-musl/obj_binutils/binutils/ranlib READELF_FOR_TARGET=/tmp/m1132/build/local/aarch64-linux-musl/obj_binutils/binutils/readelf STRIP_FOR_TARGET=/tmp/m1132/build/local/aarch64-linux-musl/obj_binutils/binutils/strip-new --build=x86_64-pc-linux-muslx32 --host=x86_64-pc-linux-muslx32
Thread model: posix
Supported LTO compression algorithms: zlib
gcc version 11.2.1 20211120 (GCC) 
configure:5427: $? = 0
configure:5416: aarch64-linux-musl-g++ -V >&5
aarch64-linux-musl-g++: error: unrecognized command-line option '-V'
aarch64-linux-musl-g++: fatal error: no input files
compilation terminated.
configure:5427: $? = 1
configure:5416: aarch64-linux-musl-g++ -qversion >&5
aarch64-linux-musl-g++: error: unrecognized command-line option '-qversion'; did you mean '--version'?
aarch64-linux-musl-g++: fatal error: no input files
compilation terminated.
configure:5427: $? = 1
configure:5431: checking whether the compiler supports GNU C++
configure:5451: aarch64-linux-musl-g++ -c   conftest.cpp >&5
configure:5451: $? = 0
configure:5461: result: yes
configure:5472: checking whether aarch64-linux-musl-g++ accepts -g
configure:5493: aarch64-linux-musl-g++ -c -g  conftest.cpp >&5
configure:5493: $? = 0
configure:5537: result: yes
configure:5557: checking for aarch64-linux-musl-g++ option to enable C++11 features
configure:5572: aarch64-linux-musl-g++  -c -g -O2  conftest.cpp >&5
conftest.cpp: In function 'int main(int, char**)':
conftest.cpp:177:25: warning: empty parentheses were disambiguated as a function declaration [-Wvexing-parse]
  177 |   cxx11test::delegate d2();
      |                         ^~
conftest.cpp:177:25: note: remove parentheses to default-initialize a variable
  177 |   cxx11test::delegate d2();
      |                         ^~
      |                         --
conftest.cpp:177:25: note: or replace parentheses with braces to value-initialize a variable
configure:5572: $? = 0
configure:5590: result: none needed
configure:5656: checking dependency style of aarch64-linux-musl-g++
configure:5768: result: gcc3
configure:5798: checking dependency style of aarch64-linux-musl-gcc
configure:5908: result: gcc3
configure:5924: checking for grep that handles long lines and -e
configure:5988: result: /usr/bin/grep
configure:5993: checking for egrep
configure:6061: result: /usr/bin/grep -E
configure:6113: checking how to print strings
configure:6140: result: printf
configure:6161: checking for a sed that does not truncate output
configure:6231: result: /usr/bin/sed
configure:6249: checking for fgrep
configure:6317: result: /usr/bin/grep -F
configure:6353: checking for ld used by aarch64-linux-musl-gcc
configure:6421: result: /media/robert/data/aarch64-linux-musl-cross/aarch64-linux-musl/bin/ld
configure:6428: checking if the linker (/media/robert/data/aarch64-linux-musl-cross/aarch64-linux-musl/bin/ld) is GNU ld
configure:6444: result: yes
configure:6456: checking for BSD- or MS-compatible name lister (nm)
configure:6511: result: /media/robert/data/aarch64-linux-musl-cross/bin/aarch64-linux-musl-nm -B
configure:6651: checking the name lister (/media/robert/data/aarch64-linux-musl-cross/bin/aarch64-linux-musl-nm -B) interface
configure:6659: aarch64-linux-musl-gcc -c   conftest.c >&5
configure:6662: /media/robert/data/aarch64-linux-musl-cross/bin/aarch64-linux-musl-nm -B "conftest.o"
configure:6665: output
0000000000000000 B some_variable
configure:6672: result: BSD nm
configure:6675: checking whether ln -s works
configure:6679: result: yes
configure:6687: checking the maximum length of command line arguments
configure:6819: result: 1572864
configure:6867: checking how to convert x86_64-pc-linux-gnu file names to aarch64-unknown-linux-musl format
configure:6908: result: func_convert_file_noop
configure:6915: checking how to convert x86_64-pc-linux-gnu file names to toolchain format
configure:6936: result: func_convert_file_noop
configure:6943: checking for /media/robert/data/aarch64-linux-musl-cross/aarch64-linux-musl/bin/ld option to reload object files
configure:6951: result: -r
configure:6985: checking for aarch64-linux-musl-file
configure:7020: result: no
configure:7030: checking for file
configure:7051: found /usr/bin/file
configure:7062: result: file
configure:7074: WARNING: using cross tools not prefixed with host triplet
configure:7093: checking for aarch64-linux-musl-objdump
configure:7114: found /media/robert/data/aarch64-linux-musl-cross/bin/aarch64-linux-musl-objdump
configure:7125: result: aarch64-linux-musl-objdump
configure:7202: checking how to recognize dependent libraries
configure:7403: result: pass_all
configure:7448: checking for aarch64-linux-musl-dlltool
configure:7483: result: no
configure:7493: checking for dlltool
configure:7528: result: no
configure:7558: checking how to associate runtime and link libraries
configure:7586: result: printf %s\n
configure:7603: checking for aarch64-linux-musl-ar
configure:7624: found /media/robert/data/aarch64-linux-musl-cross/bin/aarch64-linux-musl-ar
configure:7635: result: aarch64-linux-musl-ar
configure:7737: checking for archiver @FILE support
configure:7755: aarch64-linux-musl-gcc -c   conftest.c >&5
configure:7755: $? = 0
configure:7759: aarch64-linux-musl-ar cr libconftest.a @conftest.lst >&5
configure:7762: $? = 0
configure:7767: aarch64-linux-musl-ar cr libconftest.a @conftest.lst >&5
aarch64-linux-musl-ar: conftest.o: No such file or directory
configure:7770: $? = 1
configure:7782: result: @
configure:7800: checking for aarch64-linux-musl-strip
configure:7832: result: aarch64-linux-musl-strip
configure:7909: checking for aarch64-linux-musl-ranlib
configure:7930: found /media/robert/data/aarch64-linux-musl-cross/bin/aarch64-linux-musl-ranlib
configure:7941: result: aarch64-linux-musl-ranlib
configure:8088: checking command to parse /media/robert/data/aarch64-linux-musl-cross/bin/aarch64-linux-musl-nm -B output from aarch64-linux-musl-gcc object
configure:8242: aarch64-linux-musl-gcc -c   conftest.c >&5
configure:8245: $? = 0
configure:8249: /media/robert/data/aarch64-linux-musl-cross/bin/aarch64-linux-musl-nm -B conftest.o \| /usr/bin/sed -n -e 's/^.*[ ]\([ABCDGIRSTW][ABCDGIRSTW]*\)[ ][ ]*\([_A-Za-z][_A-Za-z0-9]*\)$/\1 \2 \2/p' | /usr/bin/sed '/ __gnu_lto/d' \> conftest.nm
configure:8252: $? = 0
configure:8318: aarch64-linux-musl-gcc -o conftest    conftest.c conftstm.o >&5
configure:8321: $? = 0
configure:8359: result: ok
configure:8406: checking for sysroot
configure:8437: result: no
configure:8444: checking for a working dd
configure:8488: result: /usr/bin/dd
configure:8492: checking how to truncate binary pipes
configure:8508: result: /usr/bin/dd bs=4096 count=1
configure:8800: checking for aarch64-linux-musl-mt
configure:8835: result: no
configure:8845: checking for mt
configure:8866: found /usr/bin/mt
configure:8877: result: mt
configure:8900: checking if mt is a manifest tool
configure:8907: mt '-?'
configure:8915: result: no
configure:9640: checking for stdio.h
configure:9640: aarch64-linux-musl-gcc -c   conftest.c >&5
configure:9640: $? = 0
configure:9640: result: yes
configure:9640: checking for stdlib.h
configure:9640: aarch64-linux-musl-gcc -c   conftest.c >&5
configure:9640: $? = 0
configure:9640: result: yes
configure:9640: checking for string.h
configure:9640: aarch64-linux-musl-gcc -c   conftest.c >&5
configure:9640: $? = 0
configure:9640: result: yes
configure:9640: checking for inttypes.h
configure:9640: aarch64-linux-musl-gcc -c   conftest.c >&5
configure:9640: $? = 0
configure:9640: result: yes
configure:9640: checking for stdint.h
configure:9640: aarch64-linux-musl-gcc -c   conftest.c >&5
configure:9640: $? = 0
configure:9640: result: yes
configure:9640: checking for strings.h
configure:9640: aarch64-linux-musl-gcc -c   conftest.c >&5
configure:9640: $? = 0
configure:9640: result: yes
configure:9640: checking for sys/stat.h
configure:9640: aarch64-linux-musl-gcc -c   conftest.c >&5
configure:9640: $? = 0
configure:9640: result: yes
configure:9640: checking for sys/types.h
configure:9640: aarch64-linux-musl-gcc -c   conftest.c >&5
configure:9640: $? = 0
configure:9640: result: yes
configure:9640: checking for unistd.h
configure:9640: aarch64-linux-musl-gcc -c   conftest.c >&5
configure:9640: $? = 0
configure:9640: result: yes
configure:9665: checking for dlfcn.h
configure:9665: aarch64-linux-musl-gcc -c   conftest.c >&5
configure:9665: $? = 0
configure:9665: result: yes
configure:9935: checking for objdir
configure:9951: result: .libs
configure:10215: checking if aarch64-linux-musl-gcc supports -fno-rtti -fno-exceptions
configure:10234: aarch64-linux-musl-gcc -c   -fno-rtti -fno-exceptions conftest.c >&5
cc1: warning: command-line option '-fno-rtti' is valid for C++/D/ObjC++ but not for C
configure:10238: $? = 0
configure:10251: result: no
configure:10609: checking for aarch64-linux-musl-gcc option to produce PIC
configure:10617: result: -fPIC -DPIC
configure:10625: checking if aarch64-linux-musl-gcc PIC flag -fPIC -DPIC works
configure:10644: aarch64-linux-musl-gcc -c   -fPIC -DPIC -DPIC conftest.c >&5
configure:10648: $? = 0
configure:10661: result: yes
configure:10690: checking if aarch64-linux-musl-gcc static flag -static works
configure:10719: result: yes
configure:10734: checking if aarch64-linux-musl-gcc supports -c -o file.o
configure:10756: aarch64-linux-musl-gcc -c   -o out/conftest2.o conftest.c >&5
configure:10760: $? = 0
configure:10782: result: yes
configure:10790: checking if aarch64-linux-musl-gcc supports -c -o file.o
configure:10838: result: yes
configure:10871: checking whether the aarch64-linux-musl-gcc linker (/media/robert/data/aarch64-linux-musl-cross/aarch64-linux-musl/bin/ld) supports shared libraries
configure:12139: result: yes
configure:12176: checking whether -lc should be explicitly linked in
configure:12185: aarch64-linux-musl-gcc -c   conftest.c >&5
configure:12188: $? = 0
configure:12203: aarch64-linux-musl-gcc -shared  -fPIC -DPIC conftest.o  -v -Wl,-soname -Wl,conftest -o conftest 2\>\&1 \| /usr/bin/grep  -lc  \>/dev/null 2\>\&1
configure:12206: $? = 0
configure:12220: result: no
configure:12380: checking dynamic linker characteristics
configure:12962: aarch64-linux-musl-gcc -o conftest    -Wl,-rpath -Wl,/foo conftest.c  >&5
configure:12962: $? = 0
configure:13204: result: GNU/Linux ld.so
configure:13326: checking how to hardcode library paths into programs
configure:13351: result: immediate
configure:13903: checking whether stripping libraries is possible
configure:13912: result: yes
configure:13954: checking if libtool supports shared libraries
configure:13956: result: yes
configure:13959: checking whether to build shared libraries
configure:13984: result: yes
configure:13987: checking whether to build static libraries
configure:13991: result: yes
configure:14014: checking how to run the C++ preprocessor
configure:14036: aarch64-linux-musl-g++ -E  conftest.cpp
configure:14036: $? = 0
configure:14051: aarch64-linux-musl-g++ -E  conftest.cpp
conftest.cpp:23:10: fatal error: ac_nonexistent.h: No such file or directory
   23 | #include <ac_nonexistent.h>
      |          ^~~~~~~~~~~~~~~~~~
compilation terminated.
configure:14051: $? = 1
configure: failed program was:
| /* confdefs.h */
| #define PACKAGE_NAME "libffi"
| #define PACKAGE_TARNAME "libffi"
| #define PACKAGE_VERSION "3.4.6"
| #define PACKAGE_STRING "libffi 3.4.6"
| #define PACKAGE_BUGREPORT "http://github.com/libffi/libffi/issues"
| #define PACKAGE_URL ""
| #define PACKAGE "libffi"
| #define VERSION "3.4.6"
| #define HAVE_STDIO_H 1
| #define HAVE_STDLIB_H 1
| #define HAVE_STRING_H 1
| #define HAVE_INTTYPES_H 1
| #define HAVE_STDINT_H 1
| #define HAVE_STRINGS_H 1
| #define HAVE_SYS_STAT_H 1
| #define HAVE_SYS_TYPES_H 1
| #define HAVE_UNISTD_H 1
| #define STDC_HEADERS 1
| #define HAVE_DLFCN_H 1
| #define LT_OBJDIR ".libs/"
| /* end confdefs.h.  */
| #include <ac_nonexistent.h>
configure:14078: result: aarch64-linux-musl-g++ -E
configure:14092: aarch64-linux-musl-g++ -E  conftest.cpp
configure:14092: $? = 0
configure:14107: aarch64-linux-musl-g++ -E  conftest.cpp
conftest.cpp:23:10: fatal error: ac_nonexistent.h: No such file or directory
   23 | #include <ac_nonexistent.h>
      |          ^~~~~~~~~~~~~~~~~~
compilation terminated.
configure:14107: $? = 1
configure: failed program was:
| /* confdefs.h */
| #define PACKAGE_NAME "libffi"
| #define PACKAGE_TARNAME "libffi"
| #define PACKAGE_VERSION "3.4.6"
| #define PACKAGE_STRING "libffi 3.4.6"
| #define PACKAGE_BUGREPORT "http://github.com/libffi/libffi/issues"
| #define PACKAGE_URL ""
| #define PACKAGE "libffi"
| #define VERSION "3.4.6"
| #define HAVE_STDIO_H 1
| #define HAVE_STDLIB_H 1
| #define HAVE_STRING_H 1
| #define HAVE_INTTYPES_H 1
| #define HAVE_STDINT_H 1
| #define HAVE_STRINGS_H 1
| #define HAVE_SYS_STAT_H 1
| #define HAVE_SYS_TYPES_H 1
| #define HAVE_UNISTD_H 1
| #define STDC_HEADERS 1
| #define HAVE_DLFCN_H 1
| #define LT_OBJDIR ".libs/"
| /* end confdefs.h.  */
| #include <ac_nonexistent.h>
configure:14272: checking for ld used by aarch64-linux-musl-g++
configure:14340: result: /media/robert/data/aarch64-linux-musl-cross/aarch64-linux-musl/bin/ld
configure:14347: checking if the linker (/media/robert/data/aarch64-linux-musl-cross/aarch64-linux-musl/bin/ld) is GNU ld
configure:14363: result: yes
configure:14418: checking whether the aarch64-linux-musl-g++ linker (/media/robert/data/aarch64-linux-musl-cross/aarch64-linux-musl/bin/ld) supports shared libraries
configure:15496: result: yes
configure:15532: aarch64-linux-musl-g++ -c -g -O2  conftest.cpp >&5
configure:15535: $? = 0
configure:16016: checking for aarch64-linux-musl-g++ option to produce PIC
configure:16024: result: -fPIC -DPIC
configure:16032: checking if aarch64-linux-musl-g++ PIC flag -fPIC -DPIC works
configure:16051: aarch64-linux-musl-g++ -c -g -O2  -fPIC -DPIC -DPIC conftest.cpp >&5
configure:16055: $? = 0
configure:16068: result: yes
configure:16091: checking if aarch64-linux-musl-g++ static flag -static works
configure:16120: result: yes
configure:16132: checking if aarch64-linux-musl-g++ supports -c -o file.o
configure:16154: aarch64-linux-musl-g++ -c -g -O2  -o out/conftest2.o conftest.cpp >&5
configure:16158: $? = 0
configure:16180: result: yes
configure:16185: checking if aarch64-linux-musl-g++ supports -c -o file.o
configure:16233: result: yes
configure:16263: checking whether the aarch64-linux-musl-g++ linker (/media/robert/data/aarch64-linux-musl-cross/aarch64-linux-musl/bin/ld) supports shared libraries
configure:16303: result: yes
configure:16445: checking dynamic linker characteristics
configure:17196: result: GNU/Linux ld.so
configure:17261: checking how to hardcode library paths into programs
configure:17286: result: immediate
configure:17352: checking for aarch64-linux-musl-readelf
configure:17373: found /media/robert/data/aarch64-linux-musl-cross/bin/aarch64-linux-musl-readelf
configure:17384: result: aarch64-linux-musl-readelf
configure:17457: checking size of size_t
configure:17463: aarch64-linux-musl-gcc -c   conftest.c >&5
configure:17463: $? = 0
configure:17463: aarch64-linux-musl-gcc -c   conftest.c >&5
conftest.c: In function 'main':
conftest.c:54:12: error: size of array 'test_array' is negative
   54 | static int test_array [1 - 2 * !(((long int) (sizeof (size_t))) <= 0)];
      |            ^~~~~~~~~~
configure:17463: $? = 1
configure: failed program was:
| /* confdefs.h */
| #define PACKAGE_NAME "libffi"
| #define PACKAGE_TARNAME "libffi"
| #define PACKAGE_VERSION "3.4.6"
| #define PACKAGE_STRING "libffi 3.4.6"
| #define PACKAGE_BUGREPORT "http://github.com/libffi/libffi/issues"
| #define PACKAGE_URL ""
| #define PACKAGE "libffi"
| #define VERSION "3.4.6"
| #define HAVE_STDIO_H 1
| #define HAVE_STDLIB_H 1
| #define HAVE_STRING_H 1
| #define HAVE_INTTYPES_H 1
| #define HAVE_STDINT_H 1
| #define HAVE_STRINGS_H 1
| #define HAVE_SYS_STAT_H 1
| #define HAVE_SYS_TYPES_H 1
| #define HAVE_UNISTD_H 1
| #define STDC_HEADERS 1
| #define HAVE_DLFCN_H 1
| #define LT_OBJDIR ".libs/"
| /* end confdefs.h.  */
| #include <stddef.h>
| #ifdef HAVE_STDIO_H
| # include <stdio.h>
| #endif
| #ifdef HAVE_STDLIB_H
| # include <stdlib.h>
| #endif
| #ifdef HAVE_STRING_H
| # include <string.h>
| #endif
| #ifdef HAVE_INTTYPES_H
| # include <inttypes.h>
| #endif
| #ifdef HAVE_STDINT_H
| # include <stdint.h>
| #endif
| #ifdef HAVE_STRINGS_H
| # include <strings.h>
| #endif
| #ifdef HAVE_SYS_TYPES_H
| # include <sys/types.h>
| #endif
| #ifdef HAVE_SYS_STAT_H
| # include <sys/stat.h>
| #endif
| #ifdef HAVE_UNISTD_H
| # include <unistd.h>
| #endif
| int
| main (void)
| {
| static int test_array [1 - 2 * !(((long int) (sizeof (size_t))) <= 0)];
| test_array [0] = 0;
| return test_array [0];
| 
|   ;
|   return 0;
| }
configure:17463: aarch64-linux-musl-gcc -c   conftest.c >&5
conftest.c: In function 'main':
conftest.c:54:12: error: size of array 'test_array' is negative
   54 | static int test_array [1 - 2 * !(((long int) (sizeof (size_t))) <= 1)];
      |            ^~~~~~~~~~
configure:17463: $? = 1
configure: failed program was:
| /* confdefs.h */
| #define PACKAGE_NAME "libffi"
| #define PACKAGE_TARNAME "libffi"
| #define PACKAGE_VERSION "3.4.6"
| #define PACKAGE_STRING "libffi 3.4.6"
| #define PACKAGE_BUGREPORT "http://github.com/libffi/libffi/issues"
| #define PACKAGE_URL ""
| #define PACKAGE "libffi"
| #define VERSION "3.4.6"
| #define HAVE_STDIO_H 1
| #define HAVE_STDLIB_H 1
| #define HAVE_STRING_H 1
| #define HAVE_INTTYPES_H 1
| #define HAVE_STDINT_H 1
| #define HAVE_STRINGS_H 1
| #define HAVE_SYS_STAT_H 1
| #define HAVE_SYS_TYPES_H 1
| #define HAVE_UNISTD_H 1
| #define STDC_HEADERS 1
| #define HAVE_DLFCN_H 1
| #define LT_OBJDIR ".libs/"
| /* end confdefs.h.  */
| #include <stddef.h>
| #ifdef HAVE_STDIO_H
| # include <stdio.h>
| #endif
| #ifdef HAVE_STDLIB_H
| # include <stdlib.h>
| #endif
| #ifdef HAVE_STRING_H
| # include <string.h>
| #endif
| #ifdef HAVE_INTTYPES_H
| # include <inttypes.h>
| #endif
| #ifdef HAVE_STDINT_H
| # include <stdint.h>
| #endif
| #ifdef HAVE_STRINGS_H
| # include <strings.h>
| #endif
| #ifdef HAVE_SYS_TYPES_H
| # include <sys/types.h>
| #endif
| #ifdef HAVE_SYS_STAT_H
| # include <sys/stat.h>
| #endif
| #ifdef HAVE_UNISTD_H
| # include <unistd.h>
| #endif
| int
| main (void)
| {
| static int test_array [1 - 2 * !(((long int) (sizeof (size_t))) <= 1)];
| test_array [0] = 0;
| return test_array [0];
| 
|   ;
|   return 0;
| }
configure:17463: aarch64-linux-musl-gcc -c   conftest.c >&5
conftest.c: In function 'main':
conftest.c:54:12: error: size of array 'test_array' is negative
   54 | static int test_array [1 - 2 * !(((long int) (sizeof (size_t))) <= 3)];
      |            ^~~~~~~~~~
configure:17463: $? = 1
configure: failed program was:
| /* confdefs.h */
| #define PACKAGE_NAME "libffi"
| #define PACKAGE_TARNAME "libffi"
| #define PACKAGE_VERSION "3.4.6"
| #define PACKAGE_STRING "libffi 3.4.6"
| #define PACKAGE_BUGREPORT "http://github.com/libffi/libffi/issues"
| #define PACKAGE_URL ""
| #define PACKAGE "libffi"
| #define VERSION "3.4.6"
| #define HAVE_STDIO_H 1
| #define HAVE_STDLIB_H 1
| #define HAVE_STRING_H 1
| #define HAVE_INTTYPES_H 1
| #define HAVE_STDINT_H 1
| #define HAVE_STRINGS_H 1
| #define HAVE_SYS_STAT_H 1
| #define HAVE_SYS_TYPES_H 1
| #define HAVE_UNISTD_H 1
| #define STDC_HEADERS 1
| #define HAVE_DLFCN_H 1
| #define LT_OBJDIR ".libs/"
| /* end confdefs.h.  */
| #include <stddef.h>
| #ifdef HAVE_STDIO_H
| # include <stdio.h>
| #endif
| #ifdef HAVE_STDLIB_H
| # include <stdlib.h>
| #endif
| #ifdef HAVE_STRING_H
| # include <string.h>
| #endif
| #ifdef HAVE_INTTYPES_H
| # include <inttypes.h>
| #endif
| #ifdef HAVE_STDINT_H
| # include <stdint.h>
| #endif
| #ifdef HAVE_STRINGS_H
| # include <strings.h>
| #endif
| #ifdef HAVE_SYS_TYPES_H
| # include <sys/types.h>
| #endif
| #ifdef HAVE_SYS_STAT_H
| # include <sys/stat.h>
| #endif
| #ifdef HAVE_UNISTD_H
| # include <unistd.h>
| #endif
| int
| main (void)
| {
| static int test_array [1 - 2 * !(((long int) (sizeof (size_t))) <= 3)];
| test_array [0] = 0;
| return test_array [0];
| 
|   ;
|   return 0;
| }
configure:17463: aarch64-linux-musl-gcc -c   conftest.c >&5
conftest.c: In function 'main':
conftest.c:54:12: error: size of array 'test_array' is negative
   54 | static int test_array [1 - 2 * !(((long int) (sizeof (size_t))) <= 7)];
      |            ^~~~~~~~~~
configure:17463: $? = 1
configure: failed program was:
| /* confdefs.h */
| #define PACKAGE_NAME "libffi"
| #define PACKAGE_TARNAME "libffi"
| #define PACKAGE_VERSION "3.4.6"
| #define PACKAGE_STRING "libffi 3.4.6"
| #define PACKAGE_BUGREPORT "http://github.com/libffi/libffi/issues"
| #define PACKAGE_URL ""
| #define PACKAGE "libffi"
| #define VERSION "3.4.6"
| #define HAVE_STDIO_H 1
| #define HAVE_STDLIB_H 1
| #define HAVE_STRING_H 1
| #define HAVE_INTTYPES_H 1
| #define HAVE_STDINT_H 1
| #define HAVE_STRINGS_H 1
| #define HAVE_SYS_STAT_H 1
| #define HAVE_SYS_TYPES_H 1
| #define HAVE_UNISTD_H 1
| #define STDC_HEADERS 1
| #define HAVE_DLFCN_H 1
| #define LT_OBJDIR ".libs/"
| /* end confdefs.h.  */
| #include <stddef.h>
| #ifdef HAVE_STDIO_H
| # include <stdio.h>
| #endif
| #ifdef HAVE_STDLIB_H
| # include <stdlib.h>
| #endif
| #ifdef HAVE_STRING_H
| # include <string.h>
| #endif
| #ifdef HAVE_INTTYPES_H
| # include <inttypes.h>
| #endif
| #ifdef HAVE_STDINT_H
| # include <stdint.h>
| #endif
| #ifdef HAVE_STRINGS_H
| # include <strings.h>
| #endif
| #ifdef HAVE_SYS_TYPES_H
| # include <sys/types.h>
| #endif
| #ifdef HAVE_SYS_STAT_H
| # include <sys/stat.h>
| #endif
| #ifdef HAVE_UNISTD_H
| # include <unistd.h>
| #endif
| int
| main (void)
| {
| static int test_array [1 - 2 * !(((long int) (sizeof (size_t))) <= 7)];
| test_array [0] = 0;
| return test_array [0];
| 
|   ;
|   return 0;
| }
configure:17463: aarch64-linux-musl-gcc -c   conftest.c >&5
configure:17463: $? = 0
configure:17463: aarch64-linux-musl-gcc -c   conftest.c >&5
configure:17463: $? = 0
configure:17463: aarch64-linux-musl-gcc -c   conftest.c >&5
configure:17463: $? = 0
configure:17463: aarch64-linux-musl-gcc -c   conftest.c >&5
configure:17463: $? = 0
configure:17478: result: 8
configure:17487: checking for C compiler vendor
configure:17546: aarch64-linux-musl-gcc -c   conftest.c >&5
conftest.c: In function 'main':
conftest.c:30:7: error: 'thisisanerror' undeclared (first use in this function)
   30 |       thisisanerror;
      |       ^~~~~~~~~~~~~
conftest.c:30:7: note: each undeclared identifier is reported only once for each function it appears in
configure:17546: $? = 1
configure: failed program was:
| /* confdefs.h */
| #define PACKAGE_NAME "libffi"
| #define PACKAGE_TARNAME "libffi"
| #define PACKAGE_VERSION "3.4.6"
| #define PACKAGE_STRING "libffi 3.4.6"
| #define PACKAGE_BUGREPORT "http://github.com/libffi/libffi/issues"
| #define PACKAGE_URL ""
| #define PACKAGE "libffi"
| #define VERSION "3.4.6"
| #define HAVE_STDIO_H 1
| #define HAVE_STDLIB_H 1
| #define HAVE_STRING_H 1
| #define HAVE_INTTYPES_H 1
| #define HAVE_STDINT_H 1
| #define HAVE_STRINGS_H 1
| #define HAVE_SYS_STAT_H 1
| #define HAVE_SYS_TYPES_H 1
| #define HAVE_UNISTD_H 1
| #define STDC_HEADERS 1
| #define HAVE_DLFCN_H 1
| #define LT_OBJDIR ".libs/"
| #define SIZEOF_SIZE_T 8
| /* end confdefs.h.  */
| 
| int
| main (void)
| {
| 
| #if !(defined(__ICC) || defined(__ECC) || defined(__INTEL_COMPILER))
|       thisisanerror;
| #endif
| 
|   ;
|   return 0;
| }
configure:17546: aarch64-linux-musl-gcc -c   conftest.c >&5
conftest.c: In function 'main':
conftest.c:30:7: error: 'thisisanerror' undeclared (first use in this function)
   30 |       thisisanerror;
      |       ^~~~~~~~~~~~~
conftest.c:30:7: note: each undeclared identifier is reported only once for each function it appears in
configure:17546: $? = 1
configure: failed program was:
| /* confdefs.h */
| #define PACKAGE_NAME "libffi"
| #define PACKAGE_TARNAME "libffi"
| #define PACKAGE_VERSION "3.4.6"
| #define PACKAGE_STRING "libffi 3.4.6"
| #define PACKAGE_BUGREPORT "http://github.com/libffi/libffi/issues"
| #define PACKAGE_URL ""
| #define PACKAGE "libffi"
| #define VERSION "3.4.6"
| #define HAVE_STDIO_H 1
| #define HAVE_STDLIB_H 1
| #define HAVE_STRING_H 1
| #define HAVE_INTTYPES_H 1
| #define HAVE_STDINT_H 1
| #define HAVE_STRINGS_H 1
| #define HAVE_SYS_STAT_H 1
| #define HAVE_SYS_TYPES_H 1
| #define HAVE_UNISTD_H 1
| #define STDC_HEADERS 1
| #define HAVE_DLFCN_H 1
| #define LT_OBJDIR ".libs/"
| #define SIZEOF_SIZE_T 8
| /* end confdefs.h.  */
| 
| int
| main (void)
| {
| 
| #if !(defined(__xlc__) || defined(__xlC__) || defined(__IBMC__) || defined(__IBMCPP__) || defined(__ibmxl__))
|       thisisanerror;
| #endif
| 
|   ;
|   return 0;
| }
configure:17546: aarch64-linux-musl-gcc -c   conftest.c >&5
conftest.c: In function 'main':
conftest.c:30:7: error: 'thisisanerror' undeclared (first use in this function)
   30 |       thisisanerror;
      |       ^~~~~~~~~~~~~
conftest.c:30:7: note: each undeclared identifier is reported only once for each function it appears in
configure:17546: $? = 1
configure: failed program was:
| /* confdefs.h */
| #define PACKAGE_NAME "libffi"
| #define PACKAGE_TARNAME "libffi"
| #define PACKAGE_VERSION "3.4.6"
| #define PACKAGE_STRING "libffi 3.4.6"
| #define PACKAGE_BUGREPORT "http://github.com/libffi/libffi/issues"
| #define PACKAGE_URL ""
| #define PACKAGE "libffi"
| #define VERSION "3.4.6"
| #define HAVE_STDIO_H 1
| #define HAVE_STDLIB_H 1
| #define HAVE_STRING_H 1
| #define HAVE_INTTYPES_H 1
| #define HAVE_STDINT_H 1
| #define HAVE_STRINGS_H 1
| #define HAVE_SYS_STAT_H 1
| #define HAVE_SYS_TYPES_H 1
| #define HAVE_UNISTD_H 1
| #define STDC_HEADERS 1
| #define HAVE_DLFCN_H 1
| #define LT_OBJDIR ".libs/"
| #define SIZEOF_SIZE_T 8
| /* end confdefs.h.  */
| 
| int
| main (void)
| {
| 
| #if !(defined(__PATHCC__) || defined(__PATHSCALE__))
|       thisisanerror;
| #endif
| 
|   ;
|   return 0;
| }
configure:17546: aarch64-linux-musl-gcc -c   conftest.c >&5
conftest.c: In function 'main':
conftest.c:30:7: error: 'thisisanerror' undeclared (first use in this function)
   30 |       thisisanerror;
      |       ^~~~~~~~~~~~~
conftest.c:30:7: note: each undeclared identifier is reported only once for each function it appears in
configure:17546: $? = 1
configure: failed program was:
| /* confdefs.h */
| #define PACKAGE_NAME "libffi"
| #define PACKAGE_TARNAME "libffi"
| #define PACKAGE_VERSION "3.4.6"
| #define PACKAGE_STRING "libffi 3.4.6"
| #define PACKAGE_BUGREPORT "http://github.com/libffi/libffi/issues"
| #define PACKAGE_URL ""
| #define PACKAGE "libffi"
| #define VERSION "3.4.6"
| #define HAVE_STDIO_H 1
| #define HAVE_STDLIB_H 1
| #define HAVE_STRING_H 1
| #define HAVE_INTTYPES_H 1
| #define HAVE_STDINT_H 1
| #define HAVE_STRINGS_H 1
| #define HAVE_SYS_STAT_H 1
| #define HAVE_SYS_TYPES_H 1
| #define HAVE_UNISTD_H 1
| #define STDC_HEADERS 1
| #define HAVE_DLFCN_H 1
| #define LT_OBJDIR ".libs/"
| #define SIZEOF_SIZE_T 8
| /* end confdefs.h.  */
| 
| int
| main (void)
| {
| 
| #if !(defined(__clang__))
|       thisisanerror;
| #endif
| 
|   ;
|   return 0;
| }
configure:17546: aarch64-linux-musl-gcc -c   conftest.c >&5
conftest.c: In function 'main':
conftest.c:30:7: error: 'thisisanerror' undeclared (first use in this function)
   30 |       thisisanerror;
      |       ^~~~~~~~~~~~~
conftest.c:30:7: note: each undeclared identifier is reported only once for each function it appears in
configure:17546: $? = 1
configure: failed program was:
| /* confdefs.h */
| #define PACKAGE_NAME "libffi"
| #define PACKAGE_TARNAME "libffi"
| #define PACKAGE_VERSION "3.4.6"
| #define PACKAGE_STRING "libffi 3.4.6"
| #define PACKAGE_BUGREPORT "http://github.com/libffi/libffi/issues"
| #define PACKAGE_URL ""
| #define PACKAGE "libffi"
| #define VERSION "3.4.6"
| #define HAVE_STDIO_H 1
| #define HAVE_STDLIB_H 1
| #define HAVE_STRING_H 1
| #define HAVE_INTTYPES_H 1
| #define HAVE_STDINT_H 1
| #define HAVE_STRINGS_H 1
| #define HAVE_SYS_STAT_H 1
| #define HAVE_SYS_TYPES_H 1
| #define HAVE_UNISTD_H 1
| #define STDC_HEADERS 1
| #define HAVE_DLFCN_H 1
| #define LT_OBJDIR ".libs/"
| #define SIZEOF_SIZE_T 8
| /* end confdefs.h.  */
| 
| int
| main (void)
| {
| 
| #if !(defined(_CRAYC))
|       thisisanerror;
| #endif
| 
|   ;
|   return 0;
| }
configure:17546: aarch64-linux-musl-gcc -c   conftest.c >&5
conftest.c: In function 'main':
conftest.c:30:7: error: 'thisisanerror' undeclared (first use in this function)
   30 |       thisisanerror;
      |       ^~~~~~~~~~~~~
conftest.c:30:7: note: each undeclared identifier is reported only once for each function it appears in
configure:17546: $? = 1
configure: failed program was:
| /* confdefs.h */
| #define PACKAGE_NAME "libffi"
| #define PACKAGE_TARNAME "libffi"
| #define PACKAGE_VERSION "3.4.6"
| #define PACKAGE_STRING "libffi 3.4.6"
| #define PACKAGE_BUGREPORT "http://github.com/libffi/libffi/issues"
| #define PACKAGE_URL ""
| #define PACKAGE "libffi"
| #define VERSION "3.4.6"
| #define HAVE_STDIO_H 1
| #define HAVE_STDLIB_H 1
| #define HAVE_STRING_H 1
| #define HAVE_INTTYPES_H 1
| #define HAVE_STDINT_H 1
| #define HAVE_STRINGS_H 1
| #define HAVE_SYS_STAT_H 1
| #define HAVE_SYS_TYPES_H 1
| #define HAVE_UNISTD_H 1
| #define STDC_HEADERS 1
| #define HAVE_DLFCN_H 1
| #define LT_OBJDIR ".libs/"
| #define SIZEOF_SIZE_T 8
| /* end confdefs.h.  */
| 
| int
| main (void)
| {
| 
| #if !(defined(__FUJITSU))
|       thisisanerror;
| #endif
| 
|   ;
|   return 0;
| }
configure:17546: aarch64-linux-musl-gcc -c   conftest.c >&5
conftest.c: In function 'main':
conftest.c:30:7: error: 'thisisanerror' undeclared (first use in this function)
   30 |       thisisanerror;
      |       ^~~~~~~~~~~~~
conftest.c:30:7: note: each undeclared identifier is reported only once for each function it appears in
configure:17546: $? = 1
configure: failed program was:
| /* confdefs.h */
| #define PACKAGE_NAME "libffi"
| #define PACKAGE_TARNAME "libffi"
| #define PACKAGE_VERSION "3.4.6"
| #define PACKAGE_STRING "libffi 3.4.6"
| #define PACKAGE_BUGREPORT "http://github.com/libffi/libffi/issues"
| #define PACKAGE_URL ""
| #define PACKAGE "libffi"
| #define VERSION "3.4.6"
| #define HAVE_STDIO_H 1
| #define HAVE_STDLIB_H 1
| #define HAVE_STRING_H 1
| #define HAVE_INTTYPES_H 1
| #define HAVE_STDINT_H 1
| #define HAVE_STRINGS_H 1
| #define HAVE_SYS_STAT_H 1
| #define HAVE_SYS_TYPES_H 1
| #define HAVE_UNISTD_H 1
| #define STDC_HEADERS 1
| #define HAVE_DLFCN_H 1
| #define LT_OBJDIR ".libs/"
| #define SIZEOF_SIZE_T 8
| /* end confdefs.h.  */
| 
| int
| main (void)
| {
| 
| #if !(defined(SDCC) || defined(__SDCC))
|       thisisanerror;
| #endif
| 
|   ;
|   return 0;
| }
configure:17546: aarch64-linux-musl-gcc -c   conftest.c >&5
conftest.c: In function 'main':
conftest.c:30:7: error: 'thisisanerror' undeclared (first use in this function)
   30 |       thisisanerror;
      |       ^~~~~~~~~~~~~
conftest.c:30:7: note: each undeclared identifier is reported only once for each function it appears in
configure:17546: $? = 1
configure: failed program was:
| /* confdefs.h */
| #define PACKAGE_NAME "libffi"
| #define PACKAGE_TARNAME "libffi"
| #define PACKAGE_VERSION "3.4.6"
| #define PACKAGE_STRING "libffi 3.4.6"
| #define PACKAGE_BUGREPORT "http://github.com/libffi/libffi/issues"
| #define PACKAGE_URL ""
| #define PACKAGE "libffi"
| #define VERSION "3.4.6"
| #define HAVE_STDIO_H 1
| #define HAVE_STDLIB_H 1
| #define HAVE_STRING_H 1
| #define HAVE_INTTYPES_H 1
| #define HAVE_STDINT_H 1
| #define HAVE_STRINGS_H 1
| #define HAVE_SYS_STAT_H 1
| #define HAVE_SYS_TYPES_H 1
| #define HAVE_UNISTD_H 1
| #define STDC_HEADERS 1
| #define HAVE_DLFCN_H 1
| #define LT_OBJDIR ".libs/"
| #define SIZEOF_SIZE_T 8
| /* end confdefs.h.  */
| 
| int
| main (void)
| {
| 
| #if !(defined(_SX))
|       thisisanerror;
| #endif
| 
|   ;
|   return 0;
| }
configure:17546: aarch64-linux-musl-gcc -c   conftest.c >&5
conftest.c: In function 'main':
conftest.c:30:7: error: 'thisisanerror' undeclared (first use in this function)
   30 |       thisisanerror;
      |       ^~~~~~~~~~~~~
conftest.c:30:7: note: each undeclared identifier is reported only once for each function it appears in
configure:17546: $? = 1
configure: failed program was:
| /* confdefs.h */
| #define PACKAGE_NAME "libffi"
| #define PACKAGE_TARNAME "libffi"
| #define PACKAGE_VERSION "3.4.6"
| #define PACKAGE_STRING "libffi 3.4.6"
| #define PACKAGE_BUGREPORT "http://github.com/libffi/libffi/issues"
| #define PACKAGE_URL ""
| #define PACKAGE "libffi"
| #define VERSION "3.4.6"
| #define HAVE_STDIO_H 1
| #define HAVE_STDLIB_H 1
| #define HAVE_STRING_H 1
| #define HAVE_INTTYPES_H 1
| #define HAVE_STDINT_H 1
| #define HAVE_STRINGS_H 1
| #define HAVE_SYS_STAT_H 1
| #define HAVE_SYS_TYPES_H 1
| #define HAVE_UNISTD_H 1
| #define STDC_HEADERS 1
| #define HAVE_DLFCN_H 1
| #define LT_OBJDIR ".libs/"
| #define SIZEOF_SIZE_T 8
| /* end confdefs.h.  */
| 
| int
| main (void)
| {
| 
| #if !(defined(__NVCOMPILER))
|       thisisanerror;
| #endif
| 
|   ;
|   return 0;
| }
configure:17546: aarch64-linux-musl-gcc -c   conftest.c >&5
conftest.c: In function 'main':
conftest.c:30:7: error: 'thisisanerror' undeclared (first use in this function)
   30 |       thisisanerror;
      |       ^~~~~~~~~~~~~
conftest.c:30:7: note: each undeclared identifier is reported only once for each function it appears in
configure:17546: $? = 1
configure: failed program was:
| /* confdefs.h */
| #define PACKAGE_NAME "libffi"
| #define PACKAGE_TARNAME "libffi"
| #define PACKAGE_VERSION "3.4.6"
| #define PACKAGE_STRING "libffi 3.4.6"
| #define PACKAGE_BUGREPORT "http://github.com/libffi/libffi/issues"
| #define PACKAGE_URL ""
| #define PACKAGE "libffi"
| #define VERSION "3.4.6"
| #define HAVE_STDIO_H 1
| #define HAVE_STDLIB_H 1
| #define HAVE_STRING_H 1
| #define HAVE_INTTYPES_H 1
| #define HAVE_STDINT_H 1
| #define HAVE_STRINGS_H 1
| #define HAVE_SYS_STAT_H 1
| #define HAVE_SYS_TYPES_H 1
| #define HAVE_UNISTD_H 1
| #define STDC_HEADERS 1
| #define HAVE_DLFCN_H 1
| #define LT_OBJDIR ".libs/"
| #define SIZEOF_SIZE_T 8
| /* end confdefs.h.  */
| 
| int
| main (void)
| {
| 
| #if !(defined(__PGI))
|       thisisanerror;
| #endif
| 
|   ;
|   return 0;
| }
configure:17546: aarch64-linux-musl-gcc -c   conftest.c >&5
configure:17546: $? = 0
configure:17556: result: gnu
configure:17865: checking whether C compiler accepts -fstrict-aliasing
configure:17885: aarch64-linux-musl-gcc -c  -O3 -fomit-frame-pointer  -fstrict-aliasing  conftest.c >&5
configure:17885: $? = 0
configure:17894: result: yes
configure:17905: checking whether C compiler accepts -ffast-math
configure:17925: aarch64-linux-musl-gcc -c  -O3 -fomit-frame-pointer -fstrict-aliasing  -ffast-math  conftest.c >&5
configure:17925: $? = 0
configure:17934: result: yes
configure:17959: checking for gcc architecture flag
configure:17961: result: 
configure:18354: checking for gcc architecture flag
configure:18356: result: unknown
configure:18384: checking whether C compiler accepts  -O3 -fomit-frame-pointer -fstrict-aliasing -ffast-math
configure:18404: aarch64-linux-musl-gcc -c  -O3 -fomit-frame-pointer -fstrict-aliasing -ffast-math   -O3 -fomit-frame-pointer -fstrict-aliasing -ffast-math  conftest.c >&5
configure:18404: $? = 0
configure:18414: result: yes
configure:18447: checking CFLAGS for most reasonable warnings
configure:18534: : CFLAGS="$CFLAGS"
configure:18537: $? = 0
configure:18560: result: -Wall
configure:18583: checking whether to enable maintainer-specific portions of Makefiles
configure:18593: result: no
configure:18607: checking for sys/memfd.h
configure:18607: aarch64-linux-musl-gcc -c -Wall  -O3 -fomit-frame-pointer -fstrict-aliasing -ffast-math -fexceptions  conftest.c >&5
conftest.c:52:10: fatal error: sys/memfd.h: No such file or directory
   52 | #include <sys/memfd.h>
      |          ^~~~~~~~~~~~~
compilation terminated.
configure:18607: $? = 1
configure: failed program was:
| /* confdefs.h */
| #define PACKAGE_NAME "libffi"
| #define PACKAGE_TARNAME "libffi"
| #define PACKAGE_VERSION "3.4.6"
| #define PACKAGE_STRING "libffi 3.4.6"
| #define PACKAGE_BUGREPORT "http://github.com/libffi/libffi/issues"
| #define PACKAGE_URL ""
| #define PACKAGE "libffi"
| #define VERSION "3.4.6"
| #define HAVE_STDIO_H 1
| #define HAVE_STDLIB_H 1
| #define HAVE_STRING_H 1
| #define HAVE_INTTYPES_H 1
| #define HAVE_STDINT_H 1
| #define HAVE_STRINGS_H 1
| #define HAVE_SYS_STAT_H 1
| #define HAVE_SYS_TYPES_H 1
| #define HAVE_UNISTD_H 1
| #define STDC_HEADERS 1
| #define HAVE_DLFCN_H 1
| #define LT_OBJDIR ".libs/"
| #define SIZEOF_SIZE_T 8
| /* end confdefs.h.  */
| #include <stddef.h>
| #ifdef HAVE_STDIO_H
| # include <stdio.h>
| #endif
| #ifdef HAVE_STDLIB_H
| # include <stdlib.h>
| #endif
| #ifdef HAVE_STRING_H
| # include <string.h>
| #endif
| #ifdef HAVE_INTTYPES_H
| # include <inttypes.h>
| #endif
| #ifdef HAVE_STDINT_H
| # include <stdint.h>
| #endif
| #ifdef HAVE_STRINGS_H
| # include <strings.h>
| #endif
| #ifdef HAVE_SYS_TYPES_H
| # include <sys/types.h>
| #endif
| #ifdef HAVE_SYS_STAT_H
| # include <sys/stat.h>
| #endif
| #ifdef HAVE_UNISTD_H
| # include <unistd.h>
| #endif
| #include <sys/memfd.h>
configure:18607: result: no
configure:18614: checking for memfd_create
configure:18614: aarch64-linux-musl-gcc -o conftest -Wall  -O3 -fomit-frame-pointer -fstrict-aliasing -ffast-math -fexceptions   conftest.c  >&5
configure:18614: $? = 0
configure:18614: result: yes
configure:18646: checking for egrep
configure:18714: result: /usr/bin/grep -E
configure:18720: checking for memcpy
configure:18720: aarch64-linux-musl-gcc -o conftest -Wall  -O3 -fomit-frame-pointer -fstrict-aliasing -ffast-math -fexceptions   conftest.c  >&5
conftest.c:41:6: warning: conflicting types for built-in function 'memcpy'; expected 'void *(void *, const void *, long unsigned int)' [-Wbuiltin-declaration-mismatch]
   41 | char memcpy ();
      |      ^~~~~~
conftest.c:33:1: note: 'memcpy' is declared in header '<string.h>'
   32 | #include <limits.h>
   33 | #undef memcpy
configure:18720: $? = 0
configure:18720: result: yes
configure:18727: checking for alloca.h
configure:18727: aarch64-linux-musl-gcc -c -Wall  -O3 -fomit-frame-pointer -fstrict-aliasing -ffast-math -fexceptions  conftest.c >&5
configure:18727: $? = 0
configure:18727: result: yes
configure:18739: checking size of double
configure:18745: aarch64-linux-musl-gcc -c -Wall  -O3 -fomit-frame-pointer -fstrict-aliasing -ffast-math -fexceptions  conftest.c >&5
configure:18745: $? = 0
configure:18745: aarch64-linux-musl-gcc -c -Wall  -O3 -fomit-frame-pointer -fstrict-aliasing -ffast-math -fexceptions  conftest.c >&5
conftest.c: In function 'main':
conftest.c:58:12: error: size of array 'test_array' is negative
   58 | static int test_array [1 - 2 * !(((long int) (sizeof (double))) <= 0)];
      |            ^~~~~~~~~~
configure:18745: $? = 1
configure: failed program was:
| /* confdefs.h */
| #define PACKAGE_NAME "libffi"
| #define PACKAGE_TARNAME "libffi"
| #define PACKAGE_VERSION "3.4.6"
| #define PACKAGE_STRING "libffi 3.4.6"
| #define PACKAGE_BUGREPORT "http://github.com/libffi/libffi/issues"
| #define PACKAGE_URL ""
| #define PACKAGE "libffi"
| #define VERSION "3.4.6"
| #define HAVE_STDIO_H 1
| #define HAVE_STDLIB_H 1
| #define HAVE_STRING_H 1
| #define HAVE_INTTYPES_H 1
| #define HAVE_STDINT_H 1
| #define HAVE_STRINGS_H 1
| #define HAVE_SYS_STAT_H 1
| #define HAVE_SYS_TYPES_H 1
| #define HAVE_UNISTD_H 1
| #define STDC_HEADERS 1
| #define HAVE_DLFCN_H 1
| #define LT_OBJDIR ".libs/"
| #define SIZEOF_SIZE_T 8
| #define HAVE_MEMFD_CREATE 1
| #define HAVE_MEMCPY 1
| #define HAVE_ALLOCA_H 1
| /* end confdefs.h.  */
| #include <stddef.h>
| #ifdef HAVE_STDIO_H
| # include <stdio.h>
| #endif
| #ifdef HAVE_STDLIB_H
| # include <stdlib.h>
| #endif
| #ifdef HAVE_STRING_H
| # include <string.h>
| #endif
| #ifdef HAVE_INTTYPES_H
| # include <inttypes.h>
| #endif
| #ifdef HAVE_STDINT_H
| # include <stdint.h>
| #endif
| #ifdef HAVE_STRINGS_H
| # include <strings.h>
| #endif
| #ifdef HAVE_SYS_TYPES_H
| # include <sys/types.h>
| #endif
| #ifdef HAVE_SYS_STAT_H
| # include <sys/stat.h>
| #endif
| #ifdef HAVE_UNISTD_H
| # include <unistd.h>
| #endif
| int
| main (void)
| {
| static int test_array [1 - 2 * !(((long int) (sizeof (double))) <= 0)];
| test_array [0] = 0;
| return test_array [0];
| 
|   ;
|   return 0;
| }
configure:18745: aarch64-linux-musl-gcc -c -Wall  -O3 -fomit-frame-pointer -fstrict-aliasing -ffast-math -fexceptions  conftest.c >&5
conftest.c: In function 'main':
conftest.c:58:12: error: size of array 'test_array' is negative
   58 | static int test_array [1 - 2 * !(((long int) (sizeof (double))) <= 1)];
      |            ^~~~~~~~~~
configure:18745: $? = 1
configure: failed program was:
| /* confdefs.h */
| #define PACKAGE_NAME "libffi"
| #define PACKAGE_TARNAME "libffi"
| #define PACKAGE_VERSION "3.4.6"
| #define PACKAGE_STRING "libffi 3.4.6"
| #define PACKAGE_BUGREPORT "http://github.com/libffi/libffi/issues"
| #define PACKAGE_URL ""
| #define PACKAGE "libffi"
| #define VERSION "3.4.6"
| #define HAVE_STDIO_H 1
| #define HAVE_STDLIB_H 1
| #define HAVE_STRING_H 1
| #define HAVE_INTTYPES_H 1
| #define HAVE_STDINT_H 1
| #define HAVE_STRINGS_H 1
| #define HAVE_SYS_STAT_H 1
| #define HAVE_SYS_TYPES_H 1
| #define HAVE_UNISTD_H 1
| #define STDC_HEADERS 1
| #define HAVE_DLFCN_H 1
| #define LT_OBJDIR ".libs/"
| #define SIZEOF_SIZE_T 8
| #define HAVE_MEMFD_CREATE 1
| #define HAVE_MEMCPY 1
| #define HAVE_ALLOCA_H 1
| /* end confdefs.h.  */
| #include <stddef.h>
| #ifdef HAVE_STDIO_H
| # include <stdio.h>
| #endif
| #ifdef HAVE_STDLIB_H
| # include <stdlib.h>
| #endif
| #ifdef HAVE_STRING_H
| # include <string.h>
| #endif
| #ifdef HAVE_INTTYPES_H
| # include <inttypes.h>
| #endif
| #ifdef HAVE_STDINT_H
| # include <stdint.h>
| #endif
| #ifdef HAVE_STRINGS_H
| # include <strings.h>
| #endif
| #ifdef HAVE_SYS_TYPES_H
| # include <sys/types.h>
| #endif
| #ifdef HAVE_SYS_STAT_H
| # include <sys/stat.h>
| #endif
| #ifdef HAVE_UNISTD_H
| # include <unistd.h>
| #endif
| int
| main (void)
| {
| static int test_array [1 - 2 * !(((long int) (sizeof (double))) <= 1)];
| test_array [0] = 0;
| return test_array [0];
| 
|   ;
|   return 0;
| }
configure:18745: aarch64-linux-musl-gcc -c -Wall  -O3 -fomit-frame-pointer -fstrict-aliasing -ffast-math -fexceptions  conftest.c >&5
conftest.c: In function 'main':
conftest.c:58:12: error: size of array 'test_array' is negative
   58 | static int test_array [1 - 2 * !(((long int) (sizeof (double))) <= 3)];
      |            ^~~~~~~~~~
configure:18745: $? = 1
configure: failed program was:
| /* confdefs.h */
| #define PACKAGE_NAME "libffi"
| #define PACKAGE_TARNAME "libffi"
| #define PACKAGE_VERSION "3.4.6"
| #define PACKAGE_STRING "libffi 3.4.6"
| #define PACKAGE_BUGREPORT "http://github.com/libffi/libffi/issues"
| #define PACKAGE_URL ""
| #define PACKAGE "libffi"
| #define VERSION "3.4.6"
| #define HAVE_STDIO_H 1
| #define HAVE_STDLIB_H 1
| #define HAVE_STRING_H 1
| #define HAVE_INTTYPES_H 1
| #define HAVE_STDINT_H 1
| #define HAVE_STRINGS_H 1
| #define HAVE_SYS_STAT_H 1
| #define HAVE_SYS_TYPES_H 1
| #define HAVE_UNISTD_H 1
| #define STDC_HEADERS 1
| #define HAVE_DLFCN_H 1
| #define LT_OBJDIR ".libs/"
| #define SIZEOF_SIZE_T 8
| #define HAVE_MEMFD_CREATE 1
| #define HAVE_MEMCPY 1
| #define HAVE_ALLOCA_H 1
| /* end confdefs.h.  */
| #include <stddef.h>
| #ifdef HAVE_STDIO_H
| # include <stdio.h>
| #endif
| #ifdef HAVE_STDLIB_H
| # include <stdlib.h>
| #endif
| #ifdef HAVE_STRING_H
| # include <string.h>
| #endif
| #ifdef HAVE_INTTYPES_H
| # include <inttypes.h>
| #endif
| #ifdef HAVE_STDINT_H
| # include <stdint.h>
| #endif
| #ifdef HAVE_STRINGS_H
| # include <strings.h>
| #endif
| #ifdef HAVE_SYS_TYPES_H
| # include <sys/types.h>
| #endif
| #ifdef HAVE_SYS_STAT_H
| # include <sys/stat.h>
| #endif
| #ifdef HAVE_UNISTD_H
| # include <unistd.h>
| #endif
| int
| main (void)
| {
| static int test_array [1 - 2 * !(((long int) (sizeof (double))) <= 3)];
| test_array [0] = 0;
| return test_array [0];
| 
|   ;
|   return 0;
| }
configure:18745: aarch64-linux-musl-gcc -c -Wall  -O3 -fomit-frame-pointer -fstrict-aliasing -ffast-math -fexceptions  conftest.c >&5
conftest.c: In function 'main':
conftest.c:58:12: error: size of array 'test_array' is negative
   58 | static int test_array [1 - 2 * !(((long int) (sizeof (double))) <= 7)];
      |            ^~~~~~~~~~
configure:18745: $? = 1
configure: failed program was:
| /* confdefs.h */
| #define PACKAGE_NAME "libffi"
| #define PACKAGE_TARNAME "libffi"
| #define PACKAGE_VERSION "3.4.6"
| #define PACKAGE_STRING "libffi 3.4.6"
| #define PACKAGE_BUGREPORT "http://github.com/libffi/libffi/issues"
| #define PACKAGE_URL ""
| #define PACKAGE "libffi"
| #define VERSION "3.4.6"
| #define HAVE_STDIO_H 1
| #define HAVE_STDLIB_H 1
| #define HAVE_STRING_H 1
| #define HAVE_INTTYPES_H 1
| #define HAVE_STDINT_H 1
| #define HAVE_STRINGS_H 1
| #define HAVE_SYS_STAT_H 1
| #define HAVE_SYS_TYPES_H 1
| #define HAVE_UNISTD_H 1
| #define STDC_HEADERS 1
| #define HAVE_DLFCN_H 1
| #define LT_OBJDIR ".libs/"
| #define SIZEOF_SIZE_T 8
| #define HAVE_MEMFD_CREATE 1
| #define HAVE_MEMCPY 1
| #define HAVE_ALLOCA_H 1
| /* end confdefs.h.  */
| #include <stddef.h>
| #ifdef HAVE_STDIO_H
| # include <stdio.h>
| #endif
| #ifdef HAVE_STDLIB_H
| # include <stdlib.h>
| #endif
| #ifdef HAVE_STRING_H
| # include <string.h>
| #endif
| #ifdef HAVE_INTTYPES_H
| # include <inttypes.h>
| #endif
| #ifdef HAVE_STDINT_H
| # include <stdint.h>
| #endif
| #ifdef HAVE_STRINGS_H
| # include <strings.h>
| #endif
| #ifdef HAVE_SYS_TYPES_H
| # include <sys/types.h>
| #endif
| #ifdef HAVE_SYS_STAT_H
| # include <sys/stat.h>
| #endif
| #ifdef HAVE_UNISTD_H
| # include <unistd.h>
| #endif
| int
| main (void)
| {
| static int test_array [1 - 2 * !(((long int) (sizeof (double))) <= 7)];
| test_array [0] = 0;
| return test_array [0];
| 
|   ;
|   return 0;
| }
configure:18745: aarch64-linux-musl-gcc -c -Wall  -O3 -fomit-frame-pointer -fstrict-aliasing -ffast-math -fexceptions  conftest.c >&5
configure:18745: $? = 0
configure:18745: aarch64-linux-musl-gcc -c -Wall  -O3 -fomit-frame-pointer -fstrict-aliasing -ffast-math -fexceptions  conftest.c >&5
configure:18745: $? = 0
configure:18745: aarch64-linux-musl-gcc -c -Wall  -O3 -fomit-frame-pointer -fstrict-aliasing -ffast-math -fexceptions  conftest.c >&5
configure:18745: $? = 0
configure:18745: aarch64-linux-musl-gcc -c -Wall  -O3 -fomit-frame-pointer -fstrict-aliasing -ffast-math -fexceptions  conftest.c >&5
configure:18745: $? = 0
configure:18760: result: 8
configure:18772: checking size of long double
configure:18778: aarch64-linux-musl-gcc -c -Wall  -O3 -fomit-frame-pointer -fstrict-aliasing -ffast-math -fexceptions  conftest.c >&5
configure:18778: $? = 0
configure:18778: aarch64-linux-musl-gcc -c -Wall  -O3 -fomit-frame-pointer -fstrict-aliasing -ffast-math -fexceptions  conftest.c >&5
conftest.c: In function 'main':
conftest.c:59:12: error: size of array 'test_array' is negative
   59 | static int test_array [1 - 2 * !(((long int) (sizeof (long double))) <= 0)];
      |            ^~~~~~~~~~
configure:18778: $? = 1
configure: failed program was:
| /* confdefs.h */
| #define PACKAGE_NAME "libffi"
| #define PACKAGE_TARNAME "libffi"
| #define PACKAGE_VERSION "3.4.6"
| #define PACKAGE_STRING "libffi 3.4.6"
| #define PACKAGE_BUGREPORT "http://github.com/libffi/libffi/issues"
| #define PACKAGE_URL ""
| #define PACKAGE "libffi"
| #define VERSION "3.4.6"
| #define HAVE_STDIO_H 1
| #define HAVE_STDLIB_H 1
| #define HAVE_STRING_H 1
| #define HAVE_INTTYPES_H 1
| #define HAVE_STDINT_H 1
| #define HAVE_STRINGS_H 1
| #define HAVE_SYS_STAT_H 1
| #define HAVE_SYS_TYPES_H 1
| #define HAVE_UNISTD_H 1
| #define STDC_HEADERS 1
| #define HAVE_DLFCN_H 1
| #define LT_OBJDIR ".libs/"
| #define SIZEOF_SIZE_T 8
| #define HAVE_MEMFD_CREATE 1
| #define HAVE_MEMCPY 1
| #define HAVE_ALLOCA_H 1
| #define SIZEOF_DOUBLE 8
| /* end confdefs.h.  */
| #include <stddef.h>
| #ifdef HAVE_STDIO_H
| # include <stdio.h>
| #endif
| #ifdef HAVE_STDLIB_H
| # include <stdlib.h>
| #endif
| #ifdef HAVE_STRING_H
| # include <string.h>
| #endif
| #ifdef HAVE_INTTYPES_H
| # include <inttypes.h>
| #endif
| #ifdef HAVE_STDINT_H
| # include <stdint.h>
| #endif
| #ifdef HAVE_STRINGS_H
| # include <strings.h>
| #endif
| #ifdef HAVE_SYS_TYPES_H
| # include <sys/types.h>
| #endif
| #ifdef HAVE_SYS_STAT_H
| # include <sys/stat.h>
| #endif
| #ifdef HAVE_UNISTD_H
| # include <unistd.h>
| #endif
| int
| main (void)
| {
| static int test_array [1 - 2 * !(((long int) (sizeof (long double))) <= 0)];
| test_array [0] = 0;
| return test_array [0];
| 
|   ;
|   return 0;
| }
configure:18778: aarch64-linux-musl-gcc -c -Wall  -O3 -fomit-frame-pointer -fstrict-aliasing -ffast-math -fexceptions  conftest.c >&5
conftest.c: In function 'main':
conftest.c:59:12: error: size of array 'test_array' is negative
   59 | static int test_array [1 - 2 * !(((long int) (sizeof (long double))) <= 1)];
      |            ^~~~~~~~~~
configure:18778: $? = 1
configure: failed program was:
| /* confdefs.h */
| #define PACKAGE_NAME "libffi"
| #define PACKAGE_TARNAME "libffi"
| #define PACKAGE_VERSION "3.4.6"
| #define PACKAGE_STRING "libffi 3.4.6"
| #define PACKAGE_BUGREPORT "http://github.com/libffi/libffi/issues"
| #define PACKAGE_URL ""
| #define PACKAGE "libffi"
| #define VERSION "3.4.6"
| #define HAVE_STDIO_H 1
| #define HAVE_STDLIB_H 1
| #define HAVE_STRING_H 1
| #define HAVE_INTTYPES_H 1
| #define HAVE_STDINT_H 1
| #define HAVE_STRINGS_H 1
| #define HAVE_SYS_STAT_H 1
| #define HAVE_SYS_TYPES_H 1
| #define HAVE_UNISTD_H 1
| #define STDC_HEADERS 1
| #define HAVE_DLFCN_H 1
| #define LT_OBJDIR ".libs/"
| #define SIZEOF_SIZE_T 8
| #define HAVE_MEMFD_CREATE 1
| #define HAVE_MEMCPY 1
| #define HAVE_ALLOCA_H 1
| #define SIZEOF_DOUBLE 8
| /* end confdefs.h.  */
| #include <stddef.h>
| #ifdef HAVE_STDIO_H
| # include <stdio.h>
| #endif
| #ifdef HAVE_STDLIB_H
| # include <stdlib.h>
| #endif
| #ifdef HAVE_STRING_H
| # include <string.h>
| #endif
| #ifdef HAVE_INTTYPES_H
| # include <inttypes.h>
| #endif
| #ifdef HAVE_STDINT_H
| # include <stdint.h>
| #endif
| #ifdef HAVE_STRINGS_H
| # include <strings.h>
| #endif
| #ifdef HAVE_SYS_TYPES_H
| # include <sys/types.h>
| #endif
| #ifdef HAVE_SYS_STAT_H
| # include <sys/stat.h>
| #endif
| #ifdef HAVE_UNISTD_H
| # include <unistd.h>
| #endif
| int
| main (void)
| {
| static int test_array [1 - 2 * !(((long int) (sizeof (long double))) <= 1)];
| test_array [0] = 0;
| return test_array [0];
| 
|   ;
|   return 0;
| }
configure:18778: aarch64-linux-musl-gcc -c -Wall  -O3 -fomit-frame-pointer -fstrict-aliasing -ffast-math -fexceptions  conftest.c >&5
conftest.c: In function 'main':
conftest.c:59:12: error: size of array 'test_array' is negative
   59 | static int test_array [1 - 2 * !(((long int) (sizeof (long double))) <= 3)];
      |            ^~~~~~~~~~
configure:18778: $? = 1
configure: failed program was:
| /* confdefs.h */
| #define PACKAGE_NAME "libffi"
| #define PACKAGE_TARNAME "libffi"
| #define PACKAGE_VERSION "3.4.6"
| #define PACKAGE_STRING "libffi 3.4.6"
| #define PACKAGE_BUGREPORT "http://github.com/libffi/libffi/issues"
| #define PACKAGE_URL ""
| #define PACKAGE "libffi"
| #define VERSION "3.4.6"
| #define HAVE_STDIO_H 1
| #define HAVE_STDLIB_H 1
| #define HAVE_STRING_H 1
| #define HAVE_INTTYPES_H 1
| #define HAVE_STDINT_H 1
| #define HAVE_STRINGS_H 1
| #define HAVE_SYS_STAT_H 1
| #define HAVE_SYS_TYPES_H 1
| #define HAVE_UNISTD_H 1
| #define STDC_HEADERS 1
| #define HAVE_DLFCN_H 1
| #define LT_OBJDIR ".libs/"
| #define SIZEOF_SIZE_T 8
| #define HAVE_MEMFD_CREATE 1
| #define HAVE_MEMCPY 1
| #define HAVE_ALLOCA_H 1
| #define SIZEOF_DOUBLE 8
| /* end confdefs.h.  */
| #include <stddef.h>
| #ifdef HAVE_STDIO_H
| # include <stdio.h>
| #endif
| #ifdef HAVE_STDLIB_H
| # include <stdlib.h>
| #endif
| #ifdef HAVE_STRING_H
| # include <string.h>
| #endif
| #ifdef HAVE_INTTYPES_H
| # include <inttypes.h>
| #endif
| #ifdef HAVE_STDINT_H
| # include <stdint.h>
| #endif
| #ifdef HAVE_STRINGS_H
| # include <strings.h>
| #endif
| #ifdef HAVE_SYS_TYPES_H
| # include <sys/types.h>
| #endif
| #ifdef HAVE_SYS_STAT_H
| # include <sys/stat.h>
| #endif
| #ifdef HAVE_UNISTD_H
| # include <unistd.h>
| #endif
| int
| main (void)
| {
| static int test_array [1 - 2 * !(((long int) (sizeof (long double))) <= 3)];
| test_array [0] = 0;
| return test_array [0];
| 
|   ;
|   return 0;
| }
configure:18778: aarch64-linux-musl-gcc -c -Wall  -O3 -fomit-frame-pointer -fstrict-aliasing -ffast-math -fexceptions  conftest.c >&5
conftest.c: In function 'main':
conftest.c:59:12: error: size of array 'test_array' is negative
   59 | static int test_array [1 - 2 * !(((long int) (sizeof (long double))) <= 7)];
      |            ^~~~~~~~~~
configure:18778: $? = 1
configure: failed program was:
| /* confdefs.h */
| #define PACKAGE_NAME "libffi"
| #define PACKAGE_TARNAME "libffi"
| #define PACKAGE_VERSION "3.4.6"
| #define PACKAGE_STRING "libffi 3.4.6"
| #define PACKAGE_BUGREPORT "http://github.com/libffi/libffi/issues"
| #define PACKAGE_URL ""
| #define PACKAGE "libffi"
| #define VERSION "3.4.6"
| #define HAVE_STDIO_H 1
| #define HAVE_STDLIB_H 1
| #define HAVE_STRING_H 1
| #define HAVE_INTTYPES_H 1
| #define HAVE_STDINT_H 1
| #define HAVE_STRINGS_H 1
| #define HAVE_SYS_STAT_H 1
| #define HAVE_SYS_TYPES_H 1
| #define HAVE_UNISTD_H 1
| #define STDC_HEADERS 1
| #define HAVE_DLFCN_H 1
| #define LT_OBJDIR ".libs/"
| #define SIZEOF_SIZE_T 8
| #define HAVE_MEMFD_CREATE 1
| #define HAVE_MEMCPY 1
| #define HAVE_ALLOCA_H 1
| #define SIZEOF_DOUBLE 8
| /* end confdefs.h.  */
| #include <stddef.h>
| #ifdef HAVE_STDIO_H
| # include <stdio.h>
| #endif
| #ifdef HAVE_STDLIB_H
| # include <stdlib.h>
| #endif
| #ifdef HAVE_STRING_H
| # include <string.h>
| #endif
| #ifdef HAVE_INTTYPES_H
| # include <inttypes.h>
| #endif
| #ifdef HAVE_STDINT_H
| # include <stdint.h>
| #endif
| #ifdef HAVE_STRINGS_H
| # include <strings.h>
| #endif
| #ifdef HAVE_SYS_TYPES_H
| # include <sys/types.h>
| #endif
| #ifdef HAVE_SYS_STAT_H
| # include <sys/stat.h>
| #endif
| #ifdef HAVE_UNISTD_H
| # include <unistd.h>
| #endif
| int
| main (void)
| {
| static int test_array [1 - 2 * !(((long int) (sizeof (long double))) <= 7)];
| test_array [0] = 0;
| return test_array [0];
| 
|   ;
|   return 0;
| }
configure:18778: aarch64-linux-musl-gcc -c -Wall  -O3 -fomit-frame-pointer -fstrict-aliasing -ffast-math -fexceptions  conftest.c >&5
conftest.c: In function 'main':
conftest.c:59:12: error: size of array 'test_array' is negative
   59 | static int test_array [1 - 2 * !(((long int) (sizeof (long double))) <= 15)];
      |            ^~~~~~~~~~
configure:18778: $? = 1
configure: failed program was:
| /* confdefs.h */
| #define PACKAGE_NAME "libffi"
| #define PACKAGE_TARNAME "libffi"
| #define PACKAGE_VERSION "3.4.6"
| #define PACKAGE_STRING "libffi 3.4.6"
| #define PACKAGE_BUGREPORT "http://github.com/libffi/libffi/issues"
| #define PACKAGE_URL ""
| #define PACKAGE "libffi"
| #define VERSION "3.4.6"
| #define HAVE_STDIO_H 1
| #define HAVE_STDLIB_H 1
| #define HAVE_STRING_H 1
| #define HAVE_INTTYPES_H 1
| #define HAVE_STDINT_H 1
| #define HAVE_STRINGS_H 1
| #define HAVE_SYS_STAT_H 1
| #define HAVE_SYS_TYPES_H 1
| #define HAVE_UNISTD_H 1
| #define STDC_HEADERS 1
| #define HAVE_DLFCN_H 1
| #define LT_OBJDIR ".libs/"
| #define SIZEOF_SIZE_T 8
| #define HAVE_MEMFD_CREATE 1
| #define HAVE_MEMCPY 1
| #define HAVE_ALLOCA_H 1
| #define SIZEOF_DOUBLE 8
| /* end confdefs.h.  */
| #include <stddef.h>
| #ifdef HAVE_STDIO_H
| # include <stdio.h>
| #endif
| #ifdef HAVE_STDLIB_H
| # include <stdlib.h>
| #endif
| #ifdef HAVE_STRING_H
| # include <string.h>
| #endif
| #ifdef HAVE_INTTYPES_H
| # include <inttypes.h>
| #endif
| #ifdef HAVE_STDINT_H
| # include <stdint.h>
| #endif
| #ifdef HAVE_STRINGS_H
| # include <strings.h>
| #endif
| #ifdef HAVE_SYS_TYPES_H
| # include <sys/types.h>
| #endif
| #ifdef HAVE_SYS_STAT_H
| # include <sys/stat.h>
| #endif
| #ifdef HAVE_UNISTD_H
| # include <unistd.h>
| #endif
| int
| main (void)
| {
| static int test_array [1 - 2 * !(((long int) (sizeof (long double))) <= 15)];
| test_array [0] = 0;
| return test_array [0];
| 
|   ;
|   return 0;
| }
configure:18778: aarch64-linux-musl-gcc -c -Wall  -O3 -fomit-frame-pointer -fstrict-aliasing -ffast-math -fexceptions  conftest.c >&5
configure:18778: $? = 0
configure:18778: aarch64-linux-musl-gcc -c -Wall  -O3 -fomit-frame-pointer -fstrict-aliasing -ffast-math -fexceptions  conftest.c >&5
configure:18778: $? = 0
configure:18778: aarch64-linux-musl-gcc -c -Wall  -O3 -fomit-frame-pointer -fstrict-aliasing -ffast-math -fexceptions  conftest.c >&5
configure:18778: $? = 0
configure:18778: aarch64-linux-musl-gcc -c -Wall  -O3 -fomit-frame-pointer -fstrict-aliasing -ffast-math -fexceptions  conftest.c >&5
configure:18778: $? = 0
configure:18778: aarch64-linux-musl-gcc -c -Wall  -O3 -fomit-frame-pointer -fstrict-aliasing -ffast-math -fexceptions  conftest.c >&5
configure:18778: $? = 0
configure:18793: result: 16
configure:18824: checking whether byte ordering is bigendian
configure:18840: aarch64-linux-musl-gcc -c -Wall  -O3 -fomit-frame-pointer -fstrict-aliasing -ffast-math -fexceptions  conftest.c >&5
conftest.c:31:16: error: unknown type name 'not'
   31 |                not a universal capable compiler
      |                ^~~
conftest.c:31:22: error: expected '=', ',', ';', 'asm' or '__attribute__' before 'universal'
   31 |                not a universal capable compiler
      |                      ^~~~~~~~~
conftest.c:31:22: error: unknown type name 'universal'
configure:18840: $? = 1
configure: failed program was:
| /* confdefs.h */
| #define PACKAGE_NAME "libffi"
| #define PACKAGE_TARNAME "libffi"
| #define PACKAGE_VERSION "3.4.6"
| #define PACKAGE_STRING "libffi 3.4.6"
| #define PACKAGE_BUGREPORT "http://github.com/libffi/libffi/issues"
| #define PACKAGE_URL ""
| #define PACKAGE "libffi"
| #define VERSION "3.4.6"
| #define HAVE_STDIO_H 1
| #define HAVE_STDLIB_H 1
| #define HAVE_STRING_H 1
| #define HAVE_INTTYPES_H 1
| #define HAVE_STDINT_H 1
| #define HAVE_STRINGS_H 1
| #define HAVE_SYS_STAT_H 1
| #define HAVE_SYS_TYPES_H 1
| #define HAVE_UNISTD_H 1
| #define STDC_HEADERS 1
| #define HAVE_DLFCN_H 1
| #define LT_OBJDIR ".libs/"
| #define SIZEOF_SIZE_T 8
| #define HAVE_MEMFD_CREATE 1
| #define HAVE_MEMCPY 1
| #define HAVE_ALLOCA_H 1
| #define SIZEOF_DOUBLE 8
| #define SIZEOF_LONG_DOUBLE 16
| #define HAVE_LONG_DOUBLE 1
| /* end confdefs.h.  */
| #ifndef __APPLE_CC__
| 	       not a universal capable compiler
| 	     #endif
| 	     typedef int dummy;
| 
configure:18886: aarch64-linux-musl-gcc -c -Wall  -O3 -fomit-frame-pointer -fstrict-aliasing -ffast-math -fexceptions  conftest.c >&5
configure:18886: $? = 0
configure:18905: aarch64-linux-musl-gcc -c -Wall  -O3 -fomit-frame-pointer -fstrict-aliasing -ffast-math -fexceptions  conftest.c >&5
conftest.c: In function 'main':
conftest.c:37:18: error: unknown type name 'not'; did you mean 'ino_t'?
   37 |                  not big endian
      |                  ^~~
      |                  ino_t
conftest.c:37:26: error: expected '=', ',', ';', 'asm' or '__attribute__' before 'endian'
   37 |                  not big endian
      |                          ^~~~~~
configure:18905: $? = 1
configure: failed program was:
| /* confdefs.h */
| #define PACKAGE_NAME "libffi"
| #define PACKAGE_TARNAME "libffi"
| #define PACKAGE_VERSION "3.4.6"
| #define PACKAGE_STRING "libffi 3.4.6"
| #define PACKAGE_BUGREPORT "http://github.com/libffi/libffi/issues"
| #define PACKAGE_URL ""
| #define PACKAGE "libffi"
| #define VERSION "3.4.6"
| #define HAVE_STDIO_H 1
| #define HAVE_STDLIB_H 1
| #define HAVE_STRING_H 1
| #define HAVE_INTTYPES_H 1
| #define HAVE_STDINT_H 1
| #define HAVE_STRINGS_H 1
| #define HAVE_SYS_STAT_H 1
| #define HAVE_SYS_TYPES_H 1
| #define HAVE_UNISTD_H 1
| #define STDC_HEADERS 1
| #define HAVE_DLFCN_H 1
| #define LT_OBJDIR ".libs/"
| #define SIZEOF_SIZE_T 8
| #define HAVE_MEMFD_CREATE 1
| #define HAVE_MEMCPY 1
| #define HAVE_ALLOCA_H 1
| #define SIZEOF_DOUBLE 8
| #define SIZEOF_LONG_DOUBLE 16
| #define HAVE_LONG_DOUBLE 1
| /* end confdefs.h.  */
| #include <sys/types.h>
| 		#include <sys/param.h>
| 
| int
| main (void)
| {
| #if BYTE_ORDER != BIG_ENDIAN
| 		 not big endian
| 		#endif
| 
|   ;
|   return 0;
| }
configure:19039: result: no
configure:19058: checking assembler .cfi pseudo-op support
configure:19077: aarch64-linux-musl-gcc -c -Wall  -O3 -fomit-frame-pointer -fstrict-aliasing -ffast-math -fexceptions  conftest.c >&5
configure:19077: $? = 0
configure:19086: result: yes
configure:19227: checking whether compiler supports pointer authentication
configure:19256: aarch64-linux-musl-gcc -c -Wall  -O3 -fomit-frame-pointer -fstrict-aliasing -ffast-math -fexceptions  conftest.c >&5
conftest.c: In function 'main':
conftest.c:43:3: error: #error Pointer authentication not supported
   43 | # error Pointer authentication not supported
      |   ^~~~~
configure:19256: $? = 1
configure: failed program was:
| /* confdefs.h */
| #define PACKAGE_NAME "libffi"
| #define PACKAGE_TARNAME "libffi"
| #define PACKAGE_VERSION "3.4.6"
| #define PACKAGE_STRING "libffi 3.4.6"
| #define PACKAGE_BUGREPORT "http://github.com/libffi/libffi/issues"
| #define PACKAGE_URL ""
| #define PACKAGE "libffi"
| #define VERSION "3.4.6"
| #define HAVE_STDIO_H 1
| #define HAVE_STDLIB_H 1
| #define HAVE_STRING_H 1
| #define HAVE_INTTYPES_H 1
| #define HAVE_STDINT_H 1
| #define HAVE_STRINGS_H 1
| #define HAVE_SYS_STAT_H 1
| #define HAVE_SYS_TYPES_H 1
| #define HAVE_UNISTD_H 1
| #define STDC_HEADERS 1
| #define HAVE_DLFCN_H 1
| #define LT_OBJDIR ".libs/"
| #define SIZEOF_SIZE_T 8
| #define HAVE_MEMFD_CREATE 1
| #define HAVE_MEMCPY 1
| #define HAVE_ALLOCA_H 1
| #define SIZEOF_DOUBLE 8
| #define SIZEOF_LONG_DOUBLE 16
| #define HAVE_LONG_DOUBLE 1
| #define HAVE_AS_CFI_PSEUDO_OP 1
| /* end confdefs.h.  */
| 
| int
| main (void)
| {
| 
| #ifdef __clang__
| # if __has_feature(ptrauth_calls)
| #  define HAVE_PTRAUTH 1
| # endif
| #endif
| 
| #ifndef HAVE_PTRAUTH
| # error Pointer authentication not supported
| #endif
| 
|   ;
|   return 0;
| }
configure:19265: result: no
configure:19291: checking for _ prefix in compiled symbols
configure:19302: aarch64-linux-musl-gcc -c -Wall  -O3 -fomit-frame-pointer -fstrict-aliasing -ffast-math -fexceptions  conftest.c >&5
conftest.c: In function 'main':
conftest.c:2:12: warning: statement with no effect [-Wunused-value]
    2 | int main(){nm_test_func;return 0;}
      |            ^~~~~~~~~~~~
configure:19305: $? = 0
configure:19309: /media/robert/data/aarch64-linux-musl-cross/bin/aarch64-linux-musl-nm -B conftest.o \| /usr/bin/sed -n -e 's/^.*[	 ]\([ABCDGIRSTW][ABCDGIRSTW]*\)[	 ][	 ]*\([_A-Za-z][_A-Za-z0-9]*\)$/\1 \2 \2/p' | /usr/bin/sed '/ __gnu_lto/d' \> conftest.nm
configure:19312: $? = 0
configure:19334: result: no
configure:19410: checking whether C compiler accepts -fno-lto
configure:19430: aarch64-linux-musl-gcc -c -Wall  -O3 -fomit-frame-pointer -fstrict-aliasing -ffast-math -fexceptions  -fno-lto  conftest.c >&5
configure:19430: $? = 0
configure:19439: result: yes
configure:19449: checking whether .eh_frame section should be read-only
configure:19466: result: yes
configure:19481: checking for __attribute__((visibility("hidden")))
configure:19491: aarch64-linux-musl-gcc -Werror -S conftest.c -o conftest.s 1>&5
configure:19494: $? = 0
configure:19503: result: yes
configure:19840: checking for shared libgcc
configure:19855: aarch64-linux-musl-gcc -o conftest  -lgcc_s   conftest.c  >&5
configure:19855: $? = 0
configure:19895: result: yes
configure:19981: versioning on shared library symbols is gnu
configure:20094: checking that generated files are newer than configure
configure:20100: result: done
configure:20168: creating ./config.status

## ---------------------- ##
## Running config.status. ##
## ---------------------- ##

This file was extended by libffi config.status 3.4.6, which was
generated by GNU Autoconf 2.71.  Invocation command line was

  CONFIG_FILES    = 
  CONFIG_HEADERS  = 
  CONFIG_LINKS    = 
  CONFIG_COMMANDS = 
  $ ./config.status 

on robert-Lenovo-XiaoXinAir-14ITL-2021

config.status:1219: creating include/Makefile
config.status:1219: creating include/ffi.h
config.status:1219: creating Makefile
config.status:1219: creating testsuite/Makefile
config.status:1219: creating man/Makefile
config.status:1219: creating doc/Makefile
config.status:1219: creating libffi.pc
config.status:1219: creating fficonfig.h
config.status:1433: executing buildir commands
config.status:1463: create top_srcdir/Makefile guessed from local Makefile
config.status:1578: build in aarch64-unknown-linux-musl (HOST=)
config.status:1433: executing depfiles commands
config.status:1654: cd .       && sed -e '/# am--include-marker/d' Makefile         | make -f - am--depfiles
config.status:1659: $? = 0
config.status:1433: executing libtool commands
config.status:1433: executing include commands
config.status:1433: executing src commands

## ---------------- ##
## Cache variables. ##
## ---------------- ##

ac_cv_build=x86_64-pc-linux-gnu
ac_cv_c_bigendian=no
ac_cv_c_compiler_gnu=yes
ac_cv_cflags_warn_all=-Wall
ac_cv_cxx_compiler_gnu=yes
ac_cv_env_CCASFLAGS_set=
ac_cv_env_CCASFLAGS_value=
ac_cv_env_CCAS_set=
ac_cv_env_CCAS_value=
ac_cv_env_CPPFLAGS_set=
ac_cv_env_CPPFLAGS_value=
ac_cv_env_CXXCPP_set=
ac_cv_env_CXXCPP_value=
ac_cv_env_LT_SYS_LIBRARY_PATH_set=
ac_cv_env_LT_SYS_LIBRARY_PATH_value=
ac_cv_env_build_alias_set=
ac_cv_env_build_alias_value=
ac_cv_env_host_alias_set=set
ac_cv_env_host_alias_value=aarch64-linux-musl
ac_cv_env_target_alias_set=
ac_cv_env_target_alias_value=
ac_cv_func_memcpy=yes
ac_cv_func_memfd_create=yes
ac_cv_header_alloca_h=yes
ac_cv_header_dlfcn_h=yes
ac_cv_header_inttypes_h=yes
ac_cv_header_stdint_h=yes
ac_cv_header_stdio_h=yes
ac_cv_header_stdlib_h=yes
ac_cv_header_string_h=yes
ac_cv_header_strings_h=yes
ac_cv_header_sys_memfd_h=no
ac_cv_header_sys_stat_h=yes
ac_cv_header_sys_types_h=yes
ac_cv_header_unistd_h=yes
ac_cv_host=aarch64-unknown-linux-musl
ac_cv_objext=o
ac_cv_path_EGREP='/usr/bin/grep -E'
ac_cv_path_FGREP='/usr/bin/grep -F'
ac_cv_path_GREP=/usr/bin/grep
ac_cv_path_SED=/usr/bin/sed
ac_cv_path_ax_enable_builddir_sed=sed
ac_cv_path_install='/usr/bin/install -c'
ac_cv_path_lt_DD=/usr/bin/dd
ac_cv_path_mkdir=/usr/bin/mkdir
ac_cv_prog_AR=aarch64-linux-musl-ar
ac_cv_prog_AWK=gawk
ac_cv_prog_CC=aarch64-linux-musl-gcc
ac_cv_prog_CXX=aarch64-linux-musl-g++
ac_cv_prog_CXXCPP='aarch64-linux-musl-g++ -E'
ac_cv_prog_OBJDUMP=aarch64-linux-musl-objdump
ac_cv_prog_RANLIB=aarch64-linux-musl-ranlib
ac_cv_prog_READELF=aarch64-linux-musl-readelf
ac_cv_prog_STRIP=aarch64-linux-musl-strip
ac_cv_prog_ac_ct_FILECMD=file
ac_cv_prog_ac_ct_MANIFEST_TOOL=mt
ac_cv_prog_cc_c11=
ac_cv_prog_cc_g=yes
ac_cv_prog_cc_stdc=
ac_cv_prog_cxx_cxx11=
ac_cv_prog_cxx_g=yes
ac_cv_prog_cxx_stdcxx=
ac_cv_prog_make_make_set=yes
ac_cv_sizeof_double=8
ac_cv_sizeof_long_double=16
ac_cv_sizeof_size_t=8
ac_cv_target=aarch64-unknown-linux-musl
am_cv_CCAS_dependencies_compiler_type=gcc3
am_cv_CC_dependencies_compiler_type=gcc3
am_cv_CXX_dependencies_compiler_type=gcc3
am_cv_make_support_nested_variables=yes
am_cv_prog_cc_c_o=yes
ax_cv_c_compiler_vendor=gnu
ax_cv_check_cflags____O3__fomit_frame_pointer__fstrict_aliasing__ffast_math=yes
ax_cv_check_cflags___ffast_math=yes
ax_cv_check_cflags___fno_lto=yes
ax_cv_check_cflags___fstrict_aliasing=yes
ax_cv_gcc_archflag=unknown
gcc_cv_as_cfi_pseudo_op=yes
libffi_cv_as_ptrauth=no
libffi_cv_hidden_visibility_attribute=yes
libffi_cv_no_lto=-fno-lto
libffi_cv_ro_eh_frame=yes
lt_cv_ar_at_file=@
lt_cv_archive_cmds_need_lc=no
lt_cv_deplibs_check_method=pass_all
lt_cv_file_magic_cmd='$MAGIC_CMD'
lt_cv_file_magic_test_file=
lt_cv_ld_reload_flag=-r
lt_cv_nm_interface='BSD nm'
lt_cv_objdir=.libs
lt_cv_path_LD=/media/robert/data/aarch64-linux-musl-cross/aarch64-linux-musl/bin/ld
lt_cv_path_LDCXX=/media/robert/data/aarch64-linux-musl-cross/aarch64-linux-musl/bin/ld
lt_cv_path_NM='/media/robert/data/aarch64-linux-musl-cross/bin/aarch64-linux-musl-nm -B'
lt_cv_path_mainfest_tool=no
lt_cv_prog_compiler_c_o=yes
lt_cv_prog_compiler_c_o_CXX=yes
lt_cv_prog_compiler_pic='-fPIC -DPIC'
lt_cv_prog_compiler_pic_CXX='-fPIC -DPIC'
lt_cv_prog_compiler_pic_works=yes
lt_cv_prog_compiler_pic_works_CXX=yes
lt_cv_prog_compiler_rtti_exceptions=no
lt_cv_prog_compiler_static_works=yes
lt_cv_prog_compiler_static_works_CXX=yes
lt_cv_prog_gnu_ld=yes
lt_cv_prog_gnu_ldcxx=yes
lt_cv_sharedlib_from_linklib_cmd='printf %s\n'
lt_cv_shlibpath_overrides_runpath=no
lt_cv_sys_global_symbol_pipe='/usr/bin/sed -n -e '\''s/^.*[	 ]\([ABCDGIRSTW][ABCDGIRSTW]*\)[	 ][	 ]*\([_A-Za-z][_A-Za-z0-9]*\)$/\1 \2 \2/p'\'' | /usr/bin/sed '\''/ __gnu_lto/d'\'''
lt_cv_sys_global_symbol_to_c_name_address='/usr/bin/sed -n -e '\''s/^: \(.*\) .*$/  {"\1", (void *) 0},/p'\'' -e '\''s/^[ABCDGIRSTW][ABCDGIRSTW]* .* \(.*\)$/  {"\1", (void *) \&\1},/p'\'''
lt_cv_sys_global_symbol_to_c_name_address_lib_prefix='/usr/bin/sed -n -e '\''s/^: \(.*\) .*$/  {"\1", (void *) 0},/p'\'' -e '\''s/^[ABCDGIRSTW][ABCDGIRSTW]* .* \(lib.*\)$/  {"\1", (void *) \&\1},/p'\'' -e '\''s/^[ABCDGIRSTW][ABCDGIRSTW]* .* \(.*\)$/  {"lib\1", (void *) \&\1},/p'\'''
lt_cv_sys_global_symbol_to_cdecl='/usr/bin/sed -n -e '\''s/^T .* \(.*\)$/extern int \1();/p'\'' -e '\''s/^[ABCDGIRSTW][ABCDGIRSTW]* .* \(.*\)$/extern char \1;/p'\'''
lt_cv_sys_global_symbol_to_import=
lt_cv_sys_max_cmd_len=1572864
lt_cv_sys_symbol_underscore=no
lt_cv_to_host_file_cmd=func_convert_file_noop
lt_cv_to_tool_file_cmd=func_convert_file_noop
lt_cv_truncate_bin='/usr/bin/dd bs=4096 count=1'

## ----------------- ##
## Output variables. ##
## ----------------- ##

ACLOCAL='${SHELL} '\''/media/robert/data/ruxos-0510/rukos/apps/c/cpython/build/libffi-3.4.6/missing'\'' aclocal-1.16'
AMDEPBACKSLASH='\'
AMDEP_FALSE='#'
AMDEP_TRUE=''
AMTAR='$${TAR-tar}'
AM_BACKSLASH='\'
AM_DEFAULT_V='$(AM_DEFAULT_VERBOSITY)'
AM_DEFAULT_VERBOSITY='1'
AM_LTLDFLAGS=''
AM_RUNTESTFLAGS=''
AM_V='$(V)'
AR='aarch64-linux-musl-ar'
AUTOCONF='${SHELL} '\''/media/robert/data/ruxos-0510/rukos/apps/c/cpython/build/libffi-3.4.6/missing'\'' autoconf'
AUTOHEADER='${SHELL} '\''/media/robert/data/ruxos-0510/rukos/apps/c/cpython/build/libffi-3.4.6/missing'\'' autoheader'
AUTOMAKE='${SHELL} '\''/media/robert/data/ruxos-0510/rukos/apps/c/cpython/build/libffi-3.4.6/missing'\'' automake-1.16'
AWK='gawk'
BUILD_DOCS_FALSE='#'
BUILD_DOCS_TRUE=''
CC='aarch64-linux-musl-gcc'
CCAS='aarch64-linux-musl-gcc'
CCASDEPMODE='depmode=gcc3'
CCASFLAGS=''
CCDEPMODE='depmode=gcc3'
CFLAGS='-Wall  -O3 -fomit-frame-pointer -fstrict-aliasing -ffast-math -fexceptions'
CPPFLAGS=''
CSCOPE='cscope'
CTAGS='ctags'
CXX='aarch64-linux-musl-g++'
CXXCPP='aarch64-linux-musl-g++ -E'
CXXDEPMODE='depmode=gcc3'
CXXFLAGS='-g -O2'
CYGPATH_W='echo'
DEFS='-DHAVE_CONFIG_H'
DEPDIR='.deps'
DLLTOOL='false'
DSYMUTIL=''
DUMPBIN=''
ECHO_C=''
ECHO_N='-n'
ECHO_T=''
EGREP='/usr/bin/grep -E'
ETAGS='etags'
EXEEXT=''
FFI_DEBUG_FALSE=''
FFI_DEBUG_TRUE='#'
FFI_EXEC_TRAMPOLINE_TABLE='0'
FFI_EXEC_TRAMPOLINE_TABLE_FALSE=''
FFI_EXEC_TRAMPOLINE_TABLE_TRUE='#'
FGREP='/usr/bin/grep -F'
FILECMD='file'
GREP='/usr/bin/grep'
HAVE_LONG_DOUBLE='1'
HAVE_LONG_DOUBLE_VARIANT='0'
INSTALL_DATA='${INSTALL} -m 644'
INSTALL_PROGRAM='${INSTALL}'
INSTALL_SCRIPT='${INSTALL}'
INSTALL_STRIP_PROGRAM='$(install_sh) -c -s'
LD='/media/robert/data/aarch64-linux-musl-cross/aarch64-linux-musl/bin/ld'
LDFLAGS=''
LIBFFI_BUILD_VERSIONED_SHLIB_FALSE='#'
LIBFFI_BUILD_VERSIONED_SHLIB_GNU_FALSE='#'
LIBFFI_BUILD_VERSIONED_SHLIB_GNU_TRUE=''
LIBFFI_BUILD_VERSIONED_SHLIB_SUN_FALSE=''
LIBFFI_BUILD_VERSIONED_SHLIB_SUN_TRUE='#'
LIBFFI_BUILD_VERSIONED_SHLIB_TRUE=''
LIBOBJS=''
LIBS=''
LIBTOOL='$(SHELL) $(top_builddir)/libtool'
LIPO=''
LN_S='ln -s'
LTLIBOBJS=''
LT_SYS_LIBRARY_PATH=''
MAINT='#'
MAINTAINER_MODE_FALSE=''
MAINTAINER_MODE_TRUE='#'
MAKEINFO='${SHELL} '\''/media/robert/data/ruxos-0510/rukos/apps/c/cpython/build/libffi-3.4.6/missing'\'' makeinfo'
MANIFEST_TOOL=':'
MKDIR_P='/usr/bin/mkdir -p'
NM='/media/robert/data/aarch64-linux-musl-cross/bin/aarch64-linux-musl-nm -B'
NMEDIT=''
OBJDUMP='aarch64-linux-musl-objdump'
OBJEXT='o'
OPT_LDFLAGS='-Wl,-O1 '
OTOOL64=''
OTOOL=''
PACKAGE='libffi'
PACKAGE_BUGREPORT='http://github.com/libffi/libffi/issues'
PACKAGE_NAME='libffi'
PACKAGE_STRING='libffi 3.4.6'
PACKAGE_TARNAME='libffi'
PACKAGE_URL=''
PACKAGE_VERSION='3.4.6'
PATH_SEPARATOR=':'
PRTDIAG=''
RANLIB='aarch64-linux-musl-ranlib'
READELF='aarch64-linux-musl-readelf'
SECTION_LDFLAGS=''
SED='/usr/bin/sed'
SET_MAKE=''
SHELL='/bin/bash'
STRIP='aarch64-linux-musl-strip'
TARGET='AARCH64'
TARGETDIR='aarch64'
TARGET_OBJ=' src/aarch64/ffi.lo src/aarch64/sysv.lo'
TESTSUBDIR_FALSE='#'
TESTSUBDIR_TRUE=''
VERSION='3.4.6'
ac_ct_AR=''
ac_ct_CC=''
ac_ct_CXX=''
ac_ct_DUMPBIN=''
am__EXEEXT_FALSE=''
am__EXEEXT_TRUE='#'
am__fastdepCCAS_FALSE='#'
am__fastdepCCAS_TRUE=''
am__fastdepCC_FALSE='#'
am__fastdepCC_TRUE=''
am__fastdepCXX_FALSE='#'
am__fastdepCXX_TRUE=''
am__include='include'
am__isrc=' -I$(srcdir)'
am__leading_dot='.'
am__nodep='_no'
am__quote=''
am__tar='$${TAR-tar} chof - "$$tardir"'
am__untar='$${TAR-tar} xf -'
ax_enable_builddir_sed='sed'
bindir='${exec_prefix}/bin'
build='x86_64-pc-linux-gnu'
build_alias=''
build_cpu='x86_64'
build_os='linux-gnu'
build_vendor='pc'
datadir='${datarootdir}'
datarootdir='${prefix}/share'
docdir='${datarootdir}/doc/${PACKAGE_TARNAME}'
dvidir='${docdir}'
exec_prefix='${prefix}'
host='aarch64-unknown-linux-musl'
host_alias='aarch64-linux-musl'
host_cpu='aarch64'
host_os='linux-musl'
host_vendor='unknown'
htmldir='${docdir}'
includedir='${prefix}/include'
infodir='${datarootdir}/info'
install_sh='${SHELL} /media/robert/data/ruxos-0510/rukos/apps/c/cpython/build/libffi-3.4.6/install-sh'
libdir='${exec_prefix}/lib'
libexecdir='${exec_prefix}/libexec'
localedir='${datarootdir}/locale'
localstatedir='${prefix}/var'
mandir='${datarootdir}/man'
mkdir_p='$(MKDIR_P)'
oldincludedir='/usr/include'
pdfdir='${docdir}'
prefix='/media/robert/data/ruxos-0510/rukos/apps/c/cpython/../dl/rootfs'
program_transform_name='s,x,x,'
psdir='${docdir}'
runstatedir='${localstatedir}/run'
sbindir='${exec_prefix}/sbin'
sharedstatedir='${prefix}/com'
sys_symbol_underscore='no'
sysconfdir='${prefix}/etc'
target='aarch64-unknown-linux-musl'
target_alias='aarch64-linux-musl'
target_cpu='aarch64'
target_os='linux-musl'
target_vendor='unknown'
tmake_file=''
toolexecdir='${libdir}/gcc-lib/$(target_alias)'
toolexeclibdir='${libdir}'

## ----------- ##
## confdefs.h. ##
## ----------- ##

/* confdefs.h */
#define PACKAGE_NAME "libffi"
#define PACKAGE_TARNAME "libffi"
#define PACKAGE_VERSION "3.4.6"
#define PACKAGE_STRING "libffi 3.4.6"
#define PACKAGE_BUGREPORT "http://github.com/libffi/libffi/issues"
#define PACKAGE_URL ""
#define PACKAGE "libffi"
#define VERSION "3.4.6"
#define HAVE_STDIO_H 1
#define HAVE_STDLIB_H 1
#define HAVE_STRING_H 1
#define HAVE_INTTYPES_H 1
#define HAVE_STDINT_H 1
#define HAVE_STRINGS_H 1
#define HAVE_SYS_STAT_H 1
#define HAVE_SYS_TYPES_H 1
#define HAVE_UNISTD_H 1
#define STDC_HEADERS 1
#define HAVE_DLFCN_H 1
#define LT_OBJDIR ".libs/"
#define SIZEOF_SIZE_T 8
#define HAVE_MEMFD_CREATE 1
#define HAVE_MEMCPY 1
#define HAVE_ALLOCA_H 1
#define SIZEOF_DOUBLE 8
#define SIZEOF_LONG_DOUBLE 16
#define HAVE_LONG_DOUBLE 1
#define HAVE_AS_CFI_PSEUDO_OP 1
#define HAVE_RO_EH_FRAME 1
#define EH_FRAME_FLAGS "a"
#define HAVE_HIDDEN_VISIBILITY_ATTRIBUTE 1
#define FFI_EXEC_STATIC_TRAMP 1
#define LIBFFI_GNU_SYMBOL_VERSIONING 1

configure: exit 0

## ---------------- ##
## Cache variables. ##
## ---------------- ##

ac_cv_build=x86_64-pc-linux-gnu
ac_cv_env_CCASFLAGS_set=
ac_cv_env_CCASFLAGS_value=
ac_cv_env_CCAS_set=
ac_cv_env_CCAS_value=
ac_cv_env_CPPFLAGS_set=
ac_cv_env_CPPFLAGS_value=
ac_cv_env_CXXCPP_set=
ac_cv_env_CXXCPP_value=
ac_cv_env_LT_SYS_LIBRARY_PATH_set=
ac_cv_env_LT_SYS_LIBRARY_PATH_value=
ac_cv_env_build_alias_set=
ac_cv_env_build_alias_value=
ac_cv_env_host_alias_set=set
ac_cv_env_host_alias_value=aarch64-linux-musl
ac_cv_env_target_alias_set=
ac_cv_env_target_alias_value=
ac_cv_host=aarch64-unknown-linux-musl
ac_cv_target=aarch64-unknown-linux-musl

## ----------------- ##
## Output variables. ##
## ----------------- ##

ACLOCAL=''
AMDEPBACKSLASH=''
AMDEP_FALSE=''
AMDEP_TRUE=''
AMTAR=''
AM_BACKSLASH=''
AM_DEFAULT_V=''
AM_DEFAULT_VERBOSITY=''
AM_LTLDFLAGS=''
AM_RUNTESTFLAGS=''
AM_V=''
AR=''
AUTOCONF=''
AUTOHEADER=''
AUTOMAKE=''
AWK=''
BUILD_DOCS_FALSE=''
BUILD_DOCS_TRUE=''
CC=''
CCAS=''
CCASDEPMODE=''
CCASFLAGS=''
CCDEPMODE=''
CFLAGS=''
CPPFLAGS=''
CSCOPE=''
CTAGS=''
CXX=''
CXXCPP=''
CXXDEPMODE=''
CXXFLAGS=''
CYGPATH_W=''
DEFS=''
DEPDIR=''
DLLTOOL=''
DSYMUTIL=''
DUMPBIN=''
ECHO_C=''
ECHO_N='-n'
ECHO_T=''
EGREP=''
ETAGS=''
EXEEXT=''
FFI_DEBUG_FALSE=''
FFI_DEBUG_TRUE=''
FFI_EXEC_TRAMPOLINE_TABLE=''
FFI_EXEC_TRAMPOLINE_TABLE_FALSE=''
FFI_EXEC_TRAMPOLINE_TABLE_TRUE=''
FGREP=''
FILECMD=''
GREP=''
HAVE_LONG_DOUBLE=''
HAVE_LONG_DOUBLE_VARIANT=''
INSTALL_DATA=''
INSTALL_PROGRAM=''
INSTALL_SCRIPT=''
INSTALL_STRIP_PROGRAM=''
LD=''
LDFLAGS=''
LIBFFI_BUILD_VERSIONED_SHLIB_FALSE=''
LIBFFI_BUILD_VERSIONED_SHLIB_GNU_FALSE=''
LIBFFI_BUILD_VERSIONED_SHLIB_GNU_TRUE=''
LIBFFI_BUILD_VERSIONED_SHLIB_SUN_FALSE=''
LIBFFI_BUILD_VERSIONED_SHLIB_SUN_TRUE=''
LIBFFI_BUILD_VERSIONED_SHLIB_TRUE=''
LIBOBJS=''
LIBS=''
LIBTOOL=''
LIPO=''
LN_S=''
LTLIBOBJS=''
LT_SYS_LIBRARY_PATH=''
MAINT=''
MAINTAINER_MODE_FALSE=''
MAINTAINER_MODE_TRUE=''
MAKEINFO=''
MANIFEST_TOOL=''
MKDIR_P=''
NM=''
NMEDIT=''
OBJDUMP=''
OBJEXT=''
OPT_LDFLAGS=''
OTOOL64=''
OTOOL=''
PACKAGE=''
PACKAGE_BUGREPORT='http://github.com/libffi/libffi/issues'
PACKAGE_NAME='libffi'
PACKAGE_STRING='libffi 3.4.6'
PACKAGE_TARNAME='libffi'
PACKAGE_URL=''
PACKAGE_VERSION='3.4.6'
PATH_SEPARATOR=':'
PRTDIAG=''
RANLIB=''
READELF=''
SECTION_LDFLAGS=''
SED=''
SET_MAKE=''
SHELL='/bin/bash'
STRIP=''
TARGET='aarch64-unknown-linux-musl'
TARGETDIR=''
TARGET_OBJ=''
TESTSUBDIR_FALSE=''
TESTSUBDIR_TRUE=''
VERSION=''
ac_ct_AR=''
ac_ct_CC=''
ac_ct_CXX=''
ac_ct_DUMPBIN=''
am__EXEEXT_FALSE=''
am__EXEEXT_TRUE=''
am__fastdepCCAS_FALSE=''
am__fastdepCCAS_TRUE=''
am__fastdepCC_FALSE=''
am__fastdepCC_TRUE=''
am__fastdepCXX_FALSE=''
am__fastdepCXX_TRUE=''
am__include=''
am__isrc=''
am__leading_dot=''
am__nodep=''
am__quote=''
am__tar=''
am__untar=''
ax_enable_builddir_sed=''
bindir='${exec_prefix}/bin'
build='x86_64-pc-linux-gnu'
build_alias=''
build_cpu='x86_64'
build_os='linux-gnu'
build_vendor='pc'
datadir='${datarootdir}'
datarootdir='${prefix}/share'
docdir='${datarootdir}/doc/${PACKAGE_TARNAME}'
dvidir='${docdir}'
exec_prefix='NONE'
host='aarch64-unknown-linux-musl'
host_alias='aarch64-linux-musl'
host_cpu='aarch64'
host_os='linux-musl'
host_vendor='unknown'
htmldir='${docdir}'
includedir='${prefix}/include'
infodir='${datarootdir}/info'
install_sh=''
libdir='${exec_prefix}/lib'
libexecdir='${exec_prefix}/libexec'
localedir='${datarootdir}/locale'
localstatedir='${prefix}/var'
mandir='${datarootdir}/man'
mkdir_p=''
oldincludedir='/usr/include'
pdfdir='${docdir}'
prefix='/media/robert/data/ruxos-0510/rukos/apps/c/cpython/../dl/rootfs'
program_transform_name='s,x,x,'
psdir='${docdir}'
runstatedir='${localstatedir}/run'
sbindir='${exec_prefix}/sbin'
sharedstatedir='${prefix}/com'
sys_symbol_underscore=''
sysconfdir='${prefix}/etc'
target='aarch64-unknown-linux-musl'
target_alias='aarch64-linux-musl'
target_cpu='aarch64'
target_os='linux-musl'
target_vendor='unknown'
tmake_file=''
toolexecdir=''
toolexeclibdir=''

configure: exit 0
